DEBUG: Entry point = 1057
DEBUG: _init entry=0 end=291 blocks=1
DEBUG FieldTracker: _init param_0 detected as s_SC_L_info
DEBUG FieldTracker: Found known function SC_P_SetPos, scanning for LADR
DEBUG FieldTracker: Found known function SC_P_GetPos, scanning for LADR
DEBUG FieldTracker: Found known function SC_P_GetPos, scanning for LADR
DEBUG FieldTracker: Found known function SC_MP_EnumPlayers, scanning for LADR
DEBUG FieldTracker: local_0 detected as s_SC_MP_EnumPlayers (from SC_MP_EnumPlayers, param 0)
DEBUG FieldTracker: Checking func_name='SC_P_GetInfo' (from 'SC_P_GetInfo(unsignedlong,*s_SC_P_getinfo)void')
DEBUG FieldTracker: Found known function SC_P_GetInfo, scanning for LADR
DEBUG FieldTracker: Found known function SC_P_GetPos, scanning for LADR
DEBUG FieldTracker: local_11 detected as c_Vector3 (from SC_P_GetPos, param 1)
DEBUG Propagate: Completed in 1 iterations, tracking 5 struct variables
DEBUG PNT: SUCCESS - base=&local_11, struct=c_Vector3, offset=8, field=z
DEBUG FieldTracker: Found PNT pattern: t2500_0 = &local_11.field at offset 8
DEBUG PNT: Rejected - base_var 't2523_0' not in var_struct_types ['param_0', 'local_0', '&local_0', 'local_11', '&local_11']
DEBUG PNT: SUCCESS - base=&local_11, struct=c_Vector3, offset=4, field=y
DEBUG FieldTracker: Found PNT pattern: t2528_0 = &local_11.field at offset 4
DEBUG PNT: Rejected - base_var '&local_17' not in var_struct_types ['param_0', 'local_0', '&local_0', 'local_11', '&local_11']
DEBUG FieldTracker: Scanned 36 DCP instructions, found 4 PNT patterns, 16 DADR patterns
DEBUG SWITCH: ScriptMain area blocks (1090-1200): [95, 96, 97, 98, 99, 100, 101, 102, 103, 104, 105, 106, 107, 108, 109, 110]
DEBUG SWITCH: ScriptMain blocks in func_block_ids: []
DEBUG SWITCH: ScriptMain blocks MISSING from func_block_ids: [95, 96, 97, 98, 99, 100, 101, 102, 103, 104, 105, 106, 107, 108, 109, 110]
DEBUG SWITCH:   Block 95: start=1090, end=1098, preds=2
DEBUG SWITCH:   Block 96: start=1099, end=1107, preds=1
DEBUG SWITCH:   Block 97: start=1108, end=1109, preds=1
DEBUG SWITCH:   Block 98: start=1110, end=1118, preds=2
DEBUG SWITCH:   Block 99: start=1119, end=1134, preds=1
DEBUG SWITCH:   Block 100: start=1135, end=1138, preds=1
DEBUG SWITCH:   Block 101: start=1139, end=1139, preds=1
DEBUG SWITCH:   Block 102: start=1140, end=1160, preds=1
DEBUG SWITCH:   Block 103: start=1161, end=1164, preds=2
DEBUG SWITCH:   Block 104: start=1165, end=1168, preds=1
DEBUG SWITCH:   Block 105: start=1169, end=1169, preds=1
DEBUG SWITCH:   Block 106: start=1170, end=1172, preds=1
DEBUG SWITCH:   Block 107: start=1173, end=1174, preds=3
DEBUG SWITCH:   Block 108: start=1175, end=1175, preds=0
DEBUG SWITCH:   Block 109: start=1176, end=1179, preds=1
DEBUG SWITCH:   Block 110: start=1180, end=1271, preds=2
DEBUG SWITCH: Checking block 0 for switch pattern (start addr: 0)
DEBUG SWITCH: BFS loop complete for block 0: 0 unique cases collected (duplicates removed)
DEBUG ORCHESTRATOR: _detect_switch_patterns returned 0 switches
DEBUG ORCHESTRATOR: block_to_switch contains 0 entries
DEBUG variables.py: formatter._var_struct_types has 5 entries
DEBUG variables.py: Imported local_0 -> s_SC_MP_EnumPlayers (confidence=0.9, source=field_tracker)
DEBUG variables.py: Imported local_0 -> s_SC_MP_EnumPlayers (confidence=0.9, source=field_tracker)
DEBUG variables.py: Imported local_11 -> c_Vector3 (confidence=0.9, source=field_tracker)
DEBUG variables.py: Imported local_11 -> c_Vector3 (confidence=0.9, source=field_tracker)
DEBUG variables.py: Added field_tracker var local_0 -> s_SC_MP_EnumPlayers
DEBUG variables.py: Added field_tracker var local_11 -> c_Vector3
DEBUG ORCHESTRATOR FINAL: Returning 76 lines, 0 contain 'switch ('
DEBUG: func_0292 entry=292 end=354 blocks=1
DEBUG FieldTracker: Found known function SC_P_SetPos, scanning for LADR
DEBUG FieldTracker: Found known function SC_P_GetPos, scanning for LADR
DEBUG FieldTracker: Found known function SC_P_GetPos, scanning for LADR
DEBUG FieldTracker: Found known function SC_MP_EnumPlayers, scanning for LADR
DEBUG FieldTracker: local_0 detected as s_SC_MP_EnumPlayers (from SC_MP_EnumPlayers, param 0)
DEBUG FieldTracker: Checking func_name='SC_P_GetInfo' (from 'SC_P_GetInfo(unsignedlong,*s_SC_P_getinfo)void')
DEBUG FieldTracker: Found known function SC_P_GetInfo, scanning for LADR
DEBUG FieldTracker: Found known function SC_P_GetPos, scanning for LADR
DEBUG FieldTracker: local_11 detected as c_Vector3 (from SC_P_GetPos, param 1)
DEBUG Propagate: Completed in 1 iterations, tracking 4 struct variables
DEBUG PNT: SUCCESS - base=&local_11, struct=c_Vector3, offset=8, field=z
DEBUG FieldTracker: Found PNT pattern: t2500_0 = &local_11.field at offset 8
DEBUG PNT: Rejected - base_var 't2523_0' not in var_struct_types ['local_0', '&local_0', 'local_11', '&local_11']
DEBUG PNT: SUCCESS - base=&local_11, struct=c_Vector3, offset=4, field=y
DEBUG FieldTracker: Found PNT pattern: t2528_0 = &local_11.field at offset 4
DEBUG PNT: Rejected - base_var '&local_17' not in var_struct_types ['local_0', '&local_0', 'local_11', '&local_11']
DEBUG FieldTracker: Scanned 36 DCP instructions, found 4 PNT patterns, 16 DADR patterns
DEBUG SWITCH: ScriptMain area blocks (1090-1200): [95, 96, 97, 98, 99, 100, 101, 102, 103, 104, 105, 106, 107, 108, 109, 110]
DEBUG SWITCH: ScriptMain blocks in func_block_ids: []
DEBUG SWITCH: ScriptMain blocks MISSING from func_block_ids: [95, 96, 97, 98, 99, 100, 101, 102, 103, 104, 105, 106, 107, 108, 109, 110]
DEBUG SWITCH:   Block 95: start=1090, end=1098, preds=2
DEBUG SWITCH:   Block 96: start=1099, end=1107, preds=1
DEBUG SWITCH:   Block 97: start=1108, end=1109, preds=1
DEBUG SWITCH:   Block 98: start=1110, end=1118, preds=2
DEBUG SWITCH:   Block 99: start=1119, end=1134, preds=1
DEBUG SWITCH:   Block 100: start=1135, end=1138, preds=1
DEBUG SWITCH:   Block 101: start=1139, end=1139, preds=1
DEBUG SWITCH:   Block 102: start=1140, end=1160, preds=1
DEBUG SWITCH:   Block 103: start=1161, end=1164, preds=2
DEBUG SWITCH:   Block 104: start=1165, end=1168, preds=1
DEBUG SWITCH:   Block 105: start=1169, end=1169, preds=1
DEBUG SWITCH:   Block 106: start=1170, end=1172, preds=1
DEBUG SWITCH:   Block 107: start=1173, end=1174, preds=3
DEBUG SWITCH:   Block 108: start=1175, end=1175, preds=0
DEBUG SWITCH:   Block 109: start=1176, end=1179, preds=1
DEBUG SWITCH:   Block 110: start=1180, end=1271, preds=2
DEBUG SWITCH: Checking block 1 for switch pattern (start addr: 292)
DEBUG SWITCH: BFS loop complete for block 1: 0 unique cases collected (duplicates removed)
DEBUG ORCHESTRATOR: _detect_switch_patterns returned 0 switches
DEBUG ORCHESTRATOR: block_to_switch contains 0 entries
DEBUG variables.py: formatter._var_struct_types has 5 entries
DEBUG variables.py: Imported local_2 -> c_Vector3 (confidence=0.9, source=field_tracker)
DEBUG variables.py: Imported local_0 -> s_SC_MP_EnumPlayers (confidence=0.9, source=field_tracker)
DEBUG variables.py: Imported local_0 -> s_SC_MP_EnumPlayers (confidence=0.9, source=field_tracker)
DEBUG variables.py: Imported local_11 -> c_Vector3 (confidence=0.9, source=field_tracker)
DEBUG variables.py: Imported local_11 -> c_Vector3 (confidence=0.9, source=field_tracker)
DEBUG variables.py: Using field_tracker type for vec: c_Vector3
DEBUG variables.py: Using field_tracker type for j: s_SC_MP_EnumPlayers
DEBUG variables.py: Added field_tracker var local_2 -> c_Vector3
DEBUG variables.py: Added field_tracker var local_0 -> s_SC_MP_EnumPlayers
DEBUG variables.py: Added field_tracker var local_11 -> c_Vector3
DEBUG ORCHESTRATOR FINAL: Returning 15 lines, 0 contain 'switch ('
DEBUG: func_0355 entry=355 end=447 blocks=1
DEBUG FieldTracker: Found known function SC_P_SetPos, scanning for LADR
DEBUG FieldTracker: Found known function SC_P_GetPos, scanning for LADR
DEBUG FieldTracker: Found known function SC_P_GetPos, scanning for LADR
DEBUG FieldTracker: Found known function SC_MP_EnumPlayers, scanning for LADR
DEBUG FieldTracker: local_0 detected as s_SC_MP_EnumPlayers (from SC_MP_EnumPlayers, param 0)
DEBUG FieldTracker: Checking func_name='SC_P_GetInfo' (from 'SC_P_GetInfo(unsignedlong,*s_SC_P_getinfo)void')
DEBUG FieldTracker: Found known function SC_P_GetInfo, scanning for LADR
DEBUG FieldTracker: Found known function SC_P_GetPos, scanning for LADR
DEBUG FieldTracker: local_11 detected as c_Vector3 (from SC_P_GetPos, param 1)
DEBUG Propagate: Completed in 1 iterations, tracking 4 struct variables
DEBUG PNT: SUCCESS - base=&local_11, struct=c_Vector3, offset=8, field=z
DEBUG FieldTracker: Found PNT pattern: t2500_0 = &local_11.field at offset 8
DEBUG PNT: Rejected - base_var 't2523_0' not in var_struct_types ['local_0', '&local_0', 'local_11', '&local_11']
DEBUG PNT: SUCCESS - base=&local_11, struct=c_Vector3, offset=4, field=y
DEBUG FieldTracker: Found PNT pattern: t2528_0 = &local_11.field at offset 4
DEBUG PNT: Rejected - base_var '&local_17' not in var_struct_types ['local_0', '&local_0', 'local_11', '&local_11']
DEBUG FieldTracker: Scanned 36 DCP instructions, found 4 PNT patterns, 16 DADR patterns
DEBUG SWITCH: ScriptMain area blocks (1090-1200): [95, 96, 97, 98, 99, 100, 101, 102, 103, 104, 105, 106, 107, 108, 109, 110]
DEBUG SWITCH: ScriptMain blocks in func_block_ids: []
DEBUG SWITCH: ScriptMain blocks MISSING from func_block_ids: [95, 96, 97, 98, 99, 100, 101, 102, 103, 104, 105, 106, 107, 108, 109, 110]
DEBUG SWITCH:   Block 95: start=1090, end=1098, preds=2
DEBUG SWITCH:   Block 96: start=1099, end=1107, preds=1
DEBUG SWITCH:   Block 97: start=1108, end=1109, preds=1
DEBUG SWITCH:   Block 98: start=1110, end=1118, preds=2
DEBUG SWITCH:   Block 99: start=1119, end=1134, preds=1
DEBUG SWITCH:   Block 100: start=1135, end=1138, preds=1
DEBUG SWITCH:   Block 101: start=1139, end=1139, preds=1
DEBUG SWITCH:   Block 102: start=1140, end=1160, preds=1
DEBUG SWITCH:   Block 103: start=1161, end=1164, preds=2
DEBUG SWITCH:   Block 104: start=1165, end=1168, preds=1
DEBUG SWITCH:   Block 105: start=1169, end=1169, preds=1
DEBUG SWITCH:   Block 106: start=1170, end=1172, preds=1
DEBUG SWITCH:   Block 107: start=1173, end=1174, preds=3
DEBUG SWITCH:   Block 108: start=1175, end=1175, preds=0
DEBUG SWITCH:   Block 109: start=1176, end=1179, preds=1
DEBUG SWITCH:   Block 110: start=1180, end=1271, preds=2
DEBUG SWITCH: Checking block 9 for switch pattern (start addr: 355)
DEBUG SWITCH: BFS loop complete for block 9: 0 unique cases collected (duplicates removed)
DEBUG ORCHESTRATOR: _detect_switch_patterns returned 0 switches
DEBUG ORCHESTRATOR: block_to_switch contains 0 entries
DEBUG variables.py: formatter._var_struct_types has 4 entries
DEBUG variables.py: Imported local_0 -> s_SC_MP_EnumPlayers (confidence=0.9, source=field_tracker)
DEBUG variables.py: Imported local_0 -> s_SC_MP_EnumPlayers (confidence=0.9, source=field_tracker)
DEBUG variables.py: Imported local_11 -> c_Vector3 (confidence=0.9, source=field_tracker)
DEBUG variables.py: Imported local_11 -> c_Vector3 (confidence=0.9, source=field_tracker)
DEBUG variables.py: Processing k (var_name=local_1), struct_type_info=None
DEBUG variables.py: Added field_tracker var local_0 -> s_SC_MP_EnumPlayers
DEBUG variables.py: Added field_tracker var local_11 -> c_Vector3
DEBUG ORCHESTRATOR FINAL: Returning 9 lines, 0 contain 'switch ('
DEBUG: func_0448 entry=448 end=510 blocks=1
DEBUG FieldTracker: Found known function SC_P_SetPos, scanning for LADR
DEBUG FieldTracker: Found known function SC_P_GetPos, scanning for LADR
DEBUG FieldTracker: Found known function SC_P_GetPos, scanning for LADR
DEBUG FieldTracker: Found known function SC_MP_EnumPlayers, scanning for LADR
DEBUG FieldTracker: local_0 detected as s_SC_MP_EnumPlayers (from SC_MP_EnumPlayers, param 0)
DEBUG FieldTracker: Checking func_name='SC_P_GetInfo' (from 'SC_P_GetInfo(unsignedlong,*s_SC_P_getinfo)void')
DEBUG FieldTracker: Found known function SC_P_GetInfo, scanning for LADR
DEBUG FieldTracker: Found known function SC_P_GetPos, scanning for LADR
DEBUG FieldTracker: local_11 detected as c_Vector3 (from SC_P_GetPos, param 1)
DEBUG Propagate: Completed in 1 iterations, tracking 4 struct variables
DEBUG PNT: SUCCESS - base=&local_11, struct=c_Vector3, offset=8, field=z
DEBUG FieldTracker: Found PNT pattern: t2500_0 = &local_11.field at offset 8
DEBUG PNT: Rejected - base_var 't2523_0' not in var_struct_types ['local_0', '&local_0', 'local_11', '&local_11']
DEBUG PNT: SUCCESS - base=&local_11, struct=c_Vector3, offset=4, field=y
DEBUG FieldTracker: Found PNT pattern: t2528_0 = &local_11.field at offset 4
DEBUG PNT: Rejected - base_var '&local_17' not in var_struct_types ['local_0', '&local_0', 'local_11', '&local_11']
DEBUG FieldTracker: Scanned 36 DCP instructions, found 4 PNT patterns, 16 DADR patterns
DEBUG SWITCH: ScriptMain area blocks (1090-1200): [95, 96, 97, 98, 99, 100, 101, 102, 103, 104, 105, 106, 107, 108, 109, 110]
DEBUG SWITCH: ScriptMain blocks in func_block_ids: []
DEBUG SWITCH: ScriptMain blocks MISSING from func_block_ids: [95, 96, 97, 98, 99, 100, 101, 102, 103, 104, 105, 106, 107, 108, 109, 110]
DEBUG SWITCH:   Block 95: start=1090, end=1098, preds=2
DEBUG SWITCH:   Block 96: start=1099, end=1107, preds=1
DEBUG SWITCH:   Block 97: start=1108, end=1109, preds=1
DEBUG SWITCH:   Block 98: start=1110, end=1118, preds=2
DEBUG SWITCH:   Block 99: start=1119, end=1134, preds=1
DEBUG SWITCH:   Block 100: start=1135, end=1138, preds=1
DEBUG SWITCH:   Block 101: start=1139, end=1139, preds=1
DEBUG SWITCH:   Block 102: start=1140, end=1160, preds=1
DEBUG SWITCH:   Block 103: start=1161, end=1164, preds=2
DEBUG SWITCH:   Block 104: start=1165, end=1168, preds=1
DEBUG SWITCH:   Block 105: start=1169, end=1169, preds=1
DEBUG SWITCH:   Block 106: start=1170, end=1172, preds=1
DEBUG SWITCH:   Block 107: start=1173, end=1174, preds=3
DEBUG SWITCH:   Block 108: start=1175, end=1175, preds=0
DEBUG SWITCH:   Block 109: start=1176, end=1179, preds=1
DEBUG SWITCH:   Block 110: start=1180, end=1271, preds=2
DEBUG SWITCH: Checking block 24 for switch pattern (start addr: 448)
DEBUG SWITCH: BFS loop complete for block 24: 0 unique cases collected (duplicates removed)
DEBUG ORCHESTRATOR: _detect_switch_patterns returned 0 switches
DEBUG ORCHESTRATOR: block_to_switch contains 0 entries
DEBUG variables.py: formatter._var_struct_types has 4 entries
DEBUG variables.py: Imported local_0 -> s_SC_MP_EnumPlayers (confidence=0.9, source=field_tracker)
DEBUG variables.py: Imported local_0 -> s_SC_MP_EnumPlayers (confidence=0.9, source=field_tracker)
DEBUG variables.py: Imported local_11 -> c_Vector3 (confidence=0.9, source=field_tracker)
DEBUG variables.py: Imported local_11 -> c_Vector3 (confidence=0.9, source=field_tracker)
DEBUG variables.py: Added field_tracker var local_0 -> s_SC_MP_EnumPlayers
DEBUG variables.py: Added field_tracker var local_11 -> c_Vector3
DEBUG ORCHESTRATOR FINAL: Returning 8 lines, 0 contain 'switch ('
DEBUG: func_0511 entry=511 end=611 blocks=1
DEBUG FieldTracker: Found known function SC_P_SetPos, scanning for LADR
DEBUG FieldTracker: Found known function SC_P_GetPos, scanning for LADR
DEBUG FieldTracker: Found known function SC_P_GetPos, scanning for LADR
DEBUG FieldTracker: Found known function SC_MP_EnumPlayers, scanning for LADR
DEBUG FieldTracker: local_0 detected as s_SC_MP_EnumPlayers (from SC_MP_EnumPlayers, param 0)
DEBUG FieldTracker: Checking func_name='SC_P_GetInfo' (from 'SC_P_GetInfo(unsignedlong,*s_SC_P_getinfo)void')
DEBUG FieldTracker: Found known function SC_P_GetInfo, scanning for LADR
DEBUG FieldTracker: Found known function SC_P_GetPos, scanning for LADR
DEBUG FieldTracker: local_11 detected as c_Vector3 (from SC_P_GetPos, param 1)
DEBUG Propagate: Completed in 1 iterations, tracking 4 struct variables
DEBUG PNT: SUCCESS - base=&local_11, struct=c_Vector3, offset=8, field=z
DEBUG FieldTracker: Found PNT pattern: t2500_0 = &local_11.field at offset 8
DEBUG PNT: Rejected - base_var 't2523_0' not in var_struct_types ['local_0', '&local_0', 'local_11', '&local_11']
DEBUG PNT: SUCCESS - base=&local_11, struct=c_Vector3, offset=4, field=y
DEBUG FieldTracker: Found PNT pattern: t2528_0 = &local_11.field at offset 4
DEBUG PNT: Rejected - base_var '&local_17' not in var_struct_types ['local_0', '&local_0', 'local_11', '&local_11']
DEBUG FieldTracker: Scanned 36 DCP instructions, found 4 PNT patterns, 16 DADR patterns
DEBUG SWITCH: ScriptMain area blocks (1090-1200): [95, 96, 97, 98, 99, 100, 101, 102, 103, 104, 105, 106, 107, 108, 109, 110]
DEBUG SWITCH: ScriptMain blocks in func_block_ids: []
DEBUG SWITCH: ScriptMain blocks MISSING from func_block_ids: [95, 96, 97, 98, 99, 100, 101, 102, 103, 104, 105, 106, 107, 108, 109, 110]
DEBUG SWITCH:   Block 95: start=1090, end=1098, preds=2
DEBUG SWITCH:   Block 96: start=1099, end=1107, preds=1
DEBUG SWITCH:   Block 97: start=1108, end=1109, preds=1
DEBUG SWITCH:   Block 98: start=1110, end=1118, preds=2
DEBUG SWITCH:   Block 99: start=1119, end=1134, preds=1
DEBUG SWITCH:   Block 100: start=1135, end=1138, preds=1
DEBUG SWITCH:   Block 101: start=1139, end=1139, preds=1
DEBUG SWITCH:   Block 102: start=1140, end=1160, preds=1
DEBUG SWITCH:   Block 103: start=1161, end=1164, preds=2
DEBUG SWITCH:   Block 104: start=1165, end=1168, preds=1
DEBUG SWITCH:   Block 105: start=1169, end=1169, preds=1
DEBUG SWITCH:   Block 106: start=1170, end=1172, preds=1
DEBUG SWITCH:   Block 107: start=1173, end=1174, preds=3
DEBUG SWITCH:   Block 108: start=1175, end=1175, preds=0
DEBUG SWITCH:   Block 109: start=1176, end=1179, preds=1
DEBUG SWITCH:   Block 110: start=1180, end=1271, preds=2
DEBUG SWITCH: Checking block 31 for switch pattern (start addr: 511)
DEBUG SWITCH: BFS loop complete for block 31: 0 unique cases collected (duplicates removed)
DEBUG ORCHESTRATOR: _detect_switch_patterns returned 0 switches
DEBUG ORCHESTRATOR: block_to_switch contains 0 entries
DEBUG variables.py: formatter._var_struct_types has 4 entries
DEBUG variables.py: Imported local_0 -> c_Vector3 (confidence=0.9, source=field_tracker)
DEBUG variables.py: Imported local_0 -> s_SC_MP_EnumPlayers (confidence=0.9, source=field_tracker)
DEBUG variables.py: Imported local_11 -> c_Vector3 (confidence=0.9, source=field_tracker)
DEBUG variables.py: Imported local_11 -> c_Vector3 (confidence=0.9, source=field_tracker)
DEBUG variables.py: Using field_tracker type for vec: s_SC_MP_EnumPlayers
DEBUG variables.py: Added field_tracker var local_0 -> s_SC_MP_EnumPlayers
DEBUG variables.py: Added field_tracker var local_11 -> c_Vector3
DEBUG ORCHESTRATOR FINAL: Returning 13 lines, 0 contain 'switch ('
DEBUG: func_0612 entry=612 end=984 blocks=23
DEBUG FieldTracker: Found known function SC_P_SetPos, scanning for LADR
DEBUG FieldTracker: Found known function SC_P_GetPos, scanning for LADR
DEBUG FieldTracker: Found known function SC_P_GetPos, scanning for LADR
DEBUG FieldTracker: Found known function SC_MP_EnumPlayers, scanning for LADR
DEBUG FieldTracker: local_0 detected as s_SC_MP_EnumPlayers (from SC_MP_EnumPlayers, param 0)
DEBUG FieldTracker: Checking func_name='SC_P_GetInfo' (from 'SC_P_GetInfo(unsignedlong,*s_SC_P_getinfo)void')
DEBUG FieldTracker: Found known function SC_P_GetInfo, scanning for LADR
DEBUG FieldTracker: Found known function SC_P_GetPos, scanning for LADR
DEBUG FieldTracker: local_11 detected as c_Vector3 (from SC_P_GetPos, param 1)
DEBUG Propagate: Completed in 1 iterations, tracking 4 struct variables
DEBUG PNT: SUCCESS - base=&local_11, struct=c_Vector3, offset=8, field=z
DEBUG FieldTracker: Found PNT pattern: t2500_0 = &local_11.field at offset 8
DEBUG PNT: Rejected - base_var 't2523_0' not in var_struct_types ['local_0', '&local_0', 'local_11', '&local_11']
DEBUG PNT: SUCCESS - base=&local_11, struct=c_Vector3, offset=4, field=y
DEBUG FieldTracker: Found PNT pattern: t2528_0 = &local_11.field at offset 4
DEBUG PNT: Rejected - base_var '&local_17' not in var_struct_types ['local_0', '&local_0', 'local_11', '&local_11']
DEBUG FieldTracker: Scanned 36 DCP instructions, found 4 PNT patterns, 16 DADR patterns
DEBUG SWITCH: ScriptMain area blocks (1090-1200): [95, 96, 97, 98, 99, 100, 101, 102, 103, 104, 105, 106, 107, 108, 109, 110]
DEBUG SWITCH: ScriptMain blocks in func_block_ids: []
DEBUG SWITCH: ScriptMain blocks MISSING from func_block_ids: [95, 96, 97, 98, 99, 100, 101, 102, 103, 104, 105, 106, 107, 108, 109, 110]
DEBUG SWITCH:   Block 95: start=1090, end=1098, preds=2
DEBUG SWITCH:   Block 96: start=1099, end=1107, preds=1
DEBUG SWITCH:   Block 97: start=1108, end=1109, preds=1
DEBUG SWITCH:   Block 98: start=1110, end=1118, preds=2
DEBUG SWITCH:   Block 99: start=1119, end=1134, preds=1
DEBUG SWITCH:   Block 100: start=1135, end=1138, preds=1
DEBUG SWITCH:   Block 101: start=1139, end=1139, preds=1
DEBUG SWITCH:   Block 102: start=1140, end=1160, preds=1
DEBUG SWITCH:   Block 103: start=1161, end=1164, preds=2
DEBUG SWITCH:   Block 104: start=1165, end=1168, preds=1
DEBUG SWITCH:   Block 105: start=1169, end=1169, preds=1
DEBUG SWITCH:   Block 106: start=1170, end=1172, preds=1
DEBUG SWITCH:   Block 107: start=1173, end=1174, preds=3
DEBUG SWITCH:   Block 108: start=1175, end=1175, preds=0
DEBUG SWITCH:   Block 109: start=1176, end=1179, preds=1
DEBUG SWITCH:   Block 110: start=1180, end=1271, preds=2
DEBUG SWITCH: Checking block 39 for switch pattern (start addr: 612)
DEBUG PRODUCER: t618_0 produced by GCP at address 618
DEBUG PRODUCER:   Raw instruction: arg1=256, arg2=0
DEBUG SWITCH: First case - variable: g_pilot_phase, SSA: t618_0
DEBUG SWITCH: About to extract constant from: t619_0
DEBUG SWITCH: Successfully extracted case value: 0
DEBUG SWITCH: case_val is not None: 0
DEBUG SWITCH: mnemonic=JZ, opcode=136
DEBUG SWITCH: case_block address=622
DEBUG SWITCH: case_block_id=40
DEBUG SWITCH: Added case: value=0, block=40, var=g_pilot_phase, priority=50
DEBUG PRODUCER: t739_0 produced by LCP at address 739
DEBUG PRODUCER:   Raw instruction: arg1=11, arg2=0
DEBUG SWITCH: Variable mismatch - test_var: g_pilot_phase, new var_name: param_1 (collecting anyway)
DEBUG SWITCH: About to extract constant from: t740_0
DEBUG SWITCH: Successfully extracted case value: 1
DEBUG SWITCH: case_val is not None: 1
DEBUG SWITCH: mnemonic=JZ, opcode=136
DEBUG SWITCH: case_block address=743
DEBUG SWITCH: case_block_id=59
DEBUG SWITCH: Added case: value=1, block=59, var=param_1, priority=90
DEBUG PRODUCER: t821_0 produced by LCP at address 821
DEBUG PRODUCER:   Raw instruction: arg1=11, arg2=0
DEBUG SWITCH: Variable mismatch - test_var: g_pilot_phase, new var_name: param_1 (collecting anyway)
DEBUG SWITCH: About to extract constant from: t822_0
DEBUG SWITCH: Successfully extracted case value: 2
DEBUG SWITCH: case_val is not None: 2
DEBUG SWITCH: mnemonic=JZ, opcode=136
DEBUG SWITCH: case_block address=825
DEBUG SWITCH: case_block_id=64
DEBUG SWITCH: Added case: value=2, block=64, var=param_1, priority=90
DEBUG PRODUCER: t909_0 produced by LCP at address 909
DEBUG PRODUCER:   Raw instruction: arg1=11, arg2=0
DEBUG SWITCH: Variable mismatch - test_var: g_pilot_phase, new var_name: param_1 (collecting anyway)
DEBUG SWITCH: About to extract constant from: t910_0
DEBUG SWITCH: Successfully extracted case value: 4
DEBUG SWITCH: case_val is not None: 4
DEBUG SWITCH: mnemonic=JZ, opcode=136
DEBUG SWITCH: case_block address=913
DEBUG SWITCH: case_block_id=71
DEBUG SWITCH: Added case: value=4, block=71, var=param_1, priority=90
DEBUG SWITCH: BFS loop complete for block 39: 4 unique cases collected (duplicates removed)
DEBUG SWITCH: Creating switch with 4 cases on variable 'param_1'
DEBUG SWITCH: Building all_blocks for param_1, chain_blocks=[39, 58, 63, 70], header_block=39
DEBUG SWITCH: all_blocks after adding chain and cases: {64, 70, 39, 40, 71, 58, 59, 63}
DEBUG SWITCH: Appending switch to switches list: param_1 with 4 cases
DEBUG SWITCH: Checking block 40 for switch pattern (start addr: 622)
DEBUG SWITCH: BFS loop complete for block 40: 0 unique cases collected (duplicates removed)
DEBUG SWITCH: Checking block 56 for switch pattern (start addr: 736)
DEBUG SWITCH: BFS loop complete for block 56: 0 unique cases collected (duplicates removed)
DEBUG SWITCH: Checking block 59 for switch pattern (start addr: 743)
DEBUG SWITCH: BFS loop complete for block 59: 0 unique cases collected (duplicates removed)
DEBUG SWITCH: Checking block 60 for switch pattern (start addr: 753)
DEBUG SWITCH: BFS loop complete for block 60: 0 unique cases collected (duplicates removed)
DEBUG SWITCH: Checking block 61 for switch pattern (start addr: 819)
DEBUG SWITCH: BFS loop complete for block 61: 0 unique cases collected (duplicates removed)
DEBUG SWITCH: Checking block 64 for switch pattern (start addr: 825)
DEBUG SWITCH: BFS loop complete for block 64: 0 unique cases collected (duplicates removed)
DEBUG SWITCH: Checking block 65 for switch pattern (start addr: 835)
DEBUG SWITCH: BFS loop complete for block 65: 0 unique cases collected (duplicates removed)
DEBUG SWITCH: Checking block 66 for switch pattern (start addr: 867)
DEBUG SWITCH: BFS loop complete for block 66: 0 unique cases collected (duplicates removed)
DEBUG SWITCH: Checking block 67 for switch pattern (start addr: 890)
DEBUG SWITCH: BFS loop complete for block 67: 0 unique cases collected (duplicates removed)
DEBUG SWITCH: Checking block 68 for switch pattern (start addr: 907)
DEBUG SWITCH: BFS loop complete for block 68: 0 unique cases collected (duplicates removed)
DEBUG SWITCH: Checking block 71 for switch pattern (start addr: 913)
DEBUG SWITCH: BFS loop complete for block 71: 0 unique cases collected (duplicates removed)
DEBUG SWITCH: Checking block 72 for switch pattern (start addr: 922)
DEBUG SWITCH: BFS loop complete for block 72: 0 unique cases collected (duplicates removed)
DEBUG SWITCH: Checking block 73 for switch pattern (start addr: 923)
DEBUG SWITCH: BFS loop complete for block 73: 0 unique cases collected (duplicates removed)
DEBUG SWITCH: Checking block 74 for switch pattern (start addr: 933)
DEBUG SWITCH: BFS loop complete for block 74: 0 unique cases collected (duplicates removed)
DEBUG SWITCH: Checking block 75 for switch pattern (start addr: 957)
DEBUG SWITCH: BFS loop complete for block 75: 0 unique cases collected (duplicates removed)
DEBUG SWITCH: Checking block 76 for switch pattern (start addr: 972)
DEBUG SWITCH: BFS loop complete for block 76: 0 unique cases collected (duplicates removed)
DEBUG SWITCH: Checking block 77 for switch pattern (start addr: 976)
DEBUG SWITCH: BFS loop complete for block 77: 0 unique cases collected (duplicates removed)
DEBUG SWITCH: Checking block 78 for switch pattern (start addr: 982)
DEBUG SWITCH: BFS loop complete for block 78: 0 unique cases collected (duplicates removed)
DEBUG SWITCH: Checking block 79 for switch pattern (start addr: 983)
DEBUG SWITCH: BFS loop complete for block 79: 0 unique cases collected (duplicates removed)
DEBUG ORCHESTRATOR: _detect_switch_patterns returned 1 switches
DEBUG ORCHESTRATOR: Switch 0: param_1 with 4 cases, header_block=39
DEBUG ORCHESTRATOR: Adding switch param_1 to map, all_blocks={64, 65, 66, 67, 68, 70, 71, 72, 73, 74, 75, 76, 77, 78, 79, 39, 40, 58, 59, 61, 63}
DEBUG ORCHESTRATOR: block_to_switch contains 21 entries
DEBUG variables.py: formatter._var_struct_types has 5 entries
DEBUG variables.py: Imported local_7 -> c_Vector3 (confidence=0.9, source=field_tracker)
DEBUG variables.py: Imported local_0 -> s_SC_MP_EnumPlayers (confidence=0.9, source=field_tracker)
DEBUG variables.py: Imported local_0 -> s_SC_MP_EnumPlayers (confidence=0.9, source=field_tracker)
DEBUG variables.py: Imported local_11 -> c_Vector3 (confidence=0.9, source=field_tracker)
DEBUG variables.py: Imported local_11 -> c_Vector3 (confidence=0.9, source=field_tracker)
DEBUG variables.py: Using field_tracker type for j: s_SC_MP_EnumPlayers
DEBUG variables.py: Using field_tracker type for vec: c_Vector3
DEBUG variables.py: Undeclared var local_7 gets field_tracker type: c_Vector3
DEBUG variables.py: Expression mentions local_1: 'local_10 = SC_P_GetDistance(local_13, tmp27);'
DEBUG variables.py: Added field_tracker var local_0 -> s_SC_MP_EnumPlayers
DEBUG ORCHESTRATOR: Block 39 is in block_to_switch, header_block=39, is_header=True
DEBUG ORCHESTRATOR: Rendering switch for param_1 with 4 cases at block 39
DEBUG ORCHESTRATOR: Appended to lines: '    switch (param_1) {'
DEBUG ORCHESTRATOR FINAL: Returning 116 lines, 1 contain 'switch ('
DEBUG: func_0985 entry=985 end=993 blocks=1
DEBUG FieldTracker: Found known function SC_P_SetPos, scanning for LADR
DEBUG FieldTracker: Found known function SC_P_GetPos, scanning for LADR
DEBUG FieldTracker: Found known function SC_P_GetPos, scanning for LADR
DEBUG FieldTracker: Found known function SC_MP_EnumPlayers, scanning for LADR
DEBUG FieldTracker: local_0 detected as s_SC_MP_EnumPlayers (from SC_MP_EnumPlayers, param 0)
DEBUG FieldTracker: Checking func_name='SC_P_GetInfo' (from 'SC_P_GetInfo(unsignedlong,*s_SC_P_getinfo)void')
DEBUG FieldTracker: Found known function SC_P_GetInfo, scanning for LADR
DEBUG FieldTracker: Found known function SC_P_GetPos, scanning for LADR
DEBUG FieldTracker: local_11 detected as c_Vector3 (from SC_P_GetPos, param 1)
DEBUG Propagate: Completed in 1 iterations, tracking 4 struct variables
DEBUG PNT: SUCCESS - base=&local_11, struct=c_Vector3, offset=8, field=z
DEBUG FieldTracker: Found PNT pattern: t2500_0 = &local_11.field at offset 8
DEBUG PNT: Rejected - base_var 't2523_0' not in var_struct_types ['local_0', '&local_0', 'local_11', '&local_11']
DEBUG PNT: SUCCESS - base=&local_11, struct=c_Vector3, offset=4, field=y
DEBUG FieldTracker: Found PNT pattern: t2528_0 = &local_11.field at offset 4
DEBUG PNT: Rejected - base_var '&local_17' not in var_struct_types ['local_0', '&local_0', 'local_11', '&local_11']
DEBUG FieldTracker: Scanned 36 DCP instructions, found 4 PNT patterns, 16 DADR patterns
DEBUG SWITCH: ScriptMain area blocks (1090-1200): [95, 96, 97, 98, 99, 100, 101, 102, 103, 104, 105, 106, 107, 108, 109, 110]
DEBUG SWITCH: ScriptMain blocks in func_block_ids: []
DEBUG SWITCH: ScriptMain blocks MISSING from func_block_ids: [95, 96, 97, 98, 99, 100, 101, 102, 103, 104, 105, 106, 107, 108, 109, 110]
DEBUG SWITCH:   Block 95: start=1090, end=1098, preds=2
DEBUG SWITCH:   Block 96: start=1099, end=1107, preds=1
DEBUG SWITCH:   Block 97: start=1108, end=1109, preds=1
DEBUG SWITCH:   Block 98: start=1110, end=1118, preds=2
DEBUG SWITCH:   Block 99: start=1119, end=1134, preds=1
DEBUG SWITCH:   Block 100: start=1135, end=1138, preds=1
DEBUG SWITCH:   Block 101: start=1139, end=1139, preds=1
DEBUG SWITCH:   Block 102: start=1140, end=1160, preds=1
DEBUG SWITCH:   Block 103: start=1161, end=1164, preds=2
DEBUG SWITCH:   Block 104: start=1165, end=1168, preds=1
DEBUG SWITCH:   Block 105: start=1169, end=1169, preds=1
DEBUG SWITCH:   Block 106: start=1170, end=1172, preds=1
DEBUG SWITCH:   Block 107: start=1173, end=1174, preds=3
DEBUG SWITCH:   Block 108: start=1175, end=1175, preds=0
DEBUG SWITCH:   Block 109: start=1176, end=1179, preds=1
DEBUG SWITCH:   Block 110: start=1180, end=1271, preds=2
DEBUG SWITCH: Checking block 80 for switch pattern (start addr: 985)
DEBUG SWITCH: BFS loop complete for block 80: 0 unique cases collected (duplicates removed)
DEBUG ORCHESTRATOR: _detect_switch_patterns returned 0 switches
DEBUG ORCHESTRATOR: block_to_switch contains 0 entries
DEBUG variables.py: formatter._var_struct_types has 4 entries
DEBUG variables.py: Imported local_0 -> s_SC_MP_EnumPlayers (confidence=0.9, source=field_tracker)
DEBUG variables.py: Imported local_0 -> s_SC_MP_EnumPlayers (confidence=0.9, source=field_tracker)
DEBUG variables.py: Imported local_11 -> c_Vector3 (confidence=0.9, source=field_tracker)
DEBUG variables.py: Imported local_11 -> c_Vector3 (confidence=0.9, source=field_tracker)
DEBUG variables.py: Added field_tracker var local_0 -> s_SC_MP_EnumPlayers
DEBUG variables.py: Added field_tracker var local_11 -> c_Vector3
DEBUG ORCHESTRATOR FINAL: Returning 8 lines, 0 contain 'switch ('
DEBUG: func_0994 entry=994 end=1020 blocks=7
DEBUG FieldTracker: Found known function SC_P_SetPos, scanning for LADR
DEBUG FieldTracker: Found known function SC_P_GetPos, scanning for LADR
DEBUG FieldTracker: Found known function SC_P_GetPos, scanning for LADR
DEBUG FieldTracker: Found known function SC_MP_EnumPlayers, scanning for LADR
DEBUG FieldTracker: local_0 detected as s_SC_MP_EnumPlayers (from SC_MP_EnumPlayers, param 0)
DEBUG FieldTracker: Checking func_name='SC_P_GetInfo' (from 'SC_P_GetInfo(unsignedlong,*s_SC_P_getinfo)void')
DEBUG FieldTracker: Found known function SC_P_GetInfo, scanning for LADR
DEBUG FieldTracker: Found known function SC_P_GetPos, scanning for LADR
DEBUG FieldTracker: local_11 detected as c_Vector3 (from SC_P_GetPos, param 1)
DEBUG Propagate: Completed in 1 iterations, tracking 4 struct variables
DEBUG PNT: SUCCESS - base=&local_11, struct=c_Vector3, offset=8, field=z
DEBUG FieldTracker: Found PNT pattern: t2500_0 = &local_11.field at offset 8
DEBUG PNT: Rejected - base_var 't2523_0' not in var_struct_types ['local_0', '&local_0', 'local_11', '&local_11']
DEBUG PNT: SUCCESS - base=&local_11, struct=c_Vector3, offset=4, field=y
DEBUG FieldTracker: Found PNT pattern: t2528_0 = &local_11.field at offset 4
DEBUG PNT: Rejected - base_var '&local_17' not in var_struct_types ['local_0', '&local_0', 'local_11', '&local_11']
DEBUG FieldTracker: Scanned 36 DCP instructions, found 4 PNT patterns, 16 DADR patterns
DEBUG SWITCH: ScriptMain area blocks (1090-1200): [95, 96, 97, 98, 99, 100, 101, 102, 103, 104, 105, 106, 107, 108, 109, 110]
DEBUG SWITCH: ScriptMain blocks in func_block_ids: []
DEBUG SWITCH: ScriptMain blocks MISSING from func_block_ids: [95, 96, 97, 98, 99, 100, 101, 102, 103, 104, 105, 106, 107, 108, 109, 110]
DEBUG SWITCH:   Block 95: start=1090, end=1098, preds=2
DEBUG SWITCH:   Block 96: start=1099, end=1107, preds=1
DEBUG SWITCH:   Block 97: start=1108, end=1109, preds=1
DEBUG SWITCH:   Block 98: start=1110, end=1118, preds=2
DEBUG SWITCH:   Block 99: start=1119, end=1134, preds=1
DEBUG SWITCH:   Block 100: start=1135, end=1138, preds=1
DEBUG SWITCH:   Block 101: start=1139, end=1139, preds=1
DEBUG SWITCH:   Block 102: start=1140, end=1160, preds=1
DEBUG SWITCH:   Block 103: start=1161, end=1164, preds=2
DEBUG SWITCH:   Block 104: start=1165, end=1168, preds=1
DEBUG SWITCH:   Block 105: start=1169, end=1169, preds=1
DEBUG SWITCH:   Block 106: start=1170, end=1172, preds=1
DEBUG SWITCH:   Block 107: start=1173, end=1174, preds=3
DEBUG SWITCH:   Block 108: start=1175, end=1175, preds=0
DEBUG SWITCH:   Block 109: start=1176, end=1179, preds=1
DEBUG SWITCH:   Block 110: start=1180, end=1271, preds=2
DEBUG SWITCH: Checking block 81 for switch pattern (start addr: 994)
DEBUG SWITCH: BFS loop complete for block 81: 0 unique cases collected (duplicates removed)
DEBUG SWITCH: Checking block 82 for switch pattern (start addr: 1011)
DEBUG SWITCH: BFS loop complete for block 82: 0 unique cases collected (duplicates removed)
DEBUG SWITCH: Checking block 83 for switch pattern (start addr: 1014)
DEBUG SWITCH: BFS loop complete for block 83: 0 unique cases collected (duplicates removed)
DEBUG SWITCH: Checking block 84 for switch pattern (start addr: 1015)
DEBUG SWITCH: BFS loop complete for block 84: 0 unique cases collected (duplicates removed)
DEBUG SWITCH: Checking block 85 for switch pattern (start addr: 1017)
DEBUG SWITCH: BFS loop complete for block 85: 0 unique cases collected (duplicates removed)
DEBUG SWITCH: Checking block 86 for switch pattern (start addr: 1018)
DEBUG SWITCH: BFS loop complete for block 86: 0 unique cases collected (duplicates removed)
DEBUG SWITCH: Checking block 87 for switch pattern (start addr: 1020)
DEBUG SWITCH: BFS loop complete for block 87: 0 unique cases collected (duplicates removed)
DEBUG ORCHESTRATOR: _detect_switch_patterns returned 0 switches
DEBUG ORCHESTRATOR: block_to_switch contains 0 entries
DEBUG variables.py: formatter._var_struct_types has 4 entries
DEBUG variables.py: Imported local_0 -> s_SC_MP_EnumPlayers (confidence=0.9, source=field_tracker)
DEBUG variables.py: Imported local_0 -> s_SC_MP_EnumPlayers (confidence=0.9, source=field_tracker)
DEBUG variables.py: Imported local_11 -> c_Vector3 (confidence=0.9, source=field_tracker)
DEBUG variables.py: Imported local_11 -> c_Vector3 (confidence=0.9, source=field_tracker)
DEBUG variables.py: Processing k (var_name=local_1), struct_type_info=None
DEBUG variables.py: Using field_tracker type for j: s_SC_MP_EnumPlayers
DEBUG variables.py: Added field_tracker var local_0 -> s_SC_MP_EnumPlayers
DEBUG variables.py: Added field_tracker var local_11 -> c_Vector3
DEBUG ORCHESTRATOR FINAL: Returning 17 lines, 0 contain 'switch ('
DEBUG: func_1021 entry=1021 end=1056 blocks=4
DEBUG FieldTracker: Found known function SC_P_SetPos, scanning for LADR
DEBUG FieldTracker: Found known function SC_P_GetPos, scanning for LADR
DEBUG FieldTracker: Found known function SC_P_GetPos, scanning for LADR
DEBUG FieldTracker: Found known function SC_MP_EnumPlayers, scanning for LADR
DEBUG FieldTracker: local_0 detected as s_SC_MP_EnumPlayers (from SC_MP_EnumPlayers, param 0)
DEBUG FieldTracker: Checking func_name='SC_P_GetInfo' (from 'SC_P_GetInfo(unsignedlong,*s_SC_P_getinfo)void')
DEBUG FieldTracker: Found known function SC_P_GetInfo, scanning for LADR
DEBUG FieldTracker: Found known function SC_P_GetPos, scanning for LADR
DEBUG FieldTracker: local_11 detected as c_Vector3 (from SC_P_GetPos, param 1)
DEBUG Propagate: Completed in 1 iterations, tracking 4 struct variables
DEBUG PNT: SUCCESS - base=&local_11, struct=c_Vector3, offset=8, field=z
DEBUG FieldTracker: Found PNT pattern: t2500_0 = &local_11.field at offset 8
DEBUG PNT: Rejected - base_var 't2523_0' not in var_struct_types ['local_0', '&local_0', 'local_11', '&local_11']
DEBUG PNT: SUCCESS - base=&local_11, struct=c_Vector3, offset=4, field=y
DEBUG FieldTracker: Found PNT pattern: t2528_0 = &local_11.field at offset 4
DEBUG PNT: Rejected - base_var '&local_17' not in var_struct_types ['local_0', '&local_0', 'local_11', '&local_11']
DEBUG FieldTracker: Scanned 36 DCP instructions, found 4 PNT patterns, 16 DADR patterns
DEBUG SWITCH: ScriptMain area blocks (1090-1200): [95, 96, 97, 98, 99, 100, 101, 102, 103, 104, 105, 106, 107, 108, 109, 110]
DEBUG SWITCH: ScriptMain blocks in func_block_ids: []
DEBUG SWITCH: ScriptMain blocks MISSING from func_block_ids: [95, 96, 97, 98, 99, 100, 101, 102, 103, 104, 105, 106, 107, 108, 109, 110]
DEBUG SWITCH:   Block 95: start=1090, end=1098, preds=2
DEBUG SWITCH:   Block 96: start=1099, end=1107, preds=1
DEBUG SWITCH:   Block 97: start=1108, end=1109, preds=1
DEBUG SWITCH:   Block 98: start=1110, end=1118, preds=2
DEBUG SWITCH:   Block 99: start=1119, end=1134, preds=1
DEBUG SWITCH:   Block 100: start=1135, end=1138, preds=1
DEBUG SWITCH:   Block 101: start=1139, end=1139, preds=1
DEBUG SWITCH:   Block 102: start=1140, end=1160, preds=1
DEBUG SWITCH:   Block 103: start=1161, end=1164, preds=2
DEBUG SWITCH:   Block 104: start=1165, end=1168, preds=1
DEBUG SWITCH:   Block 105: start=1169, end=1169, preds=1
DEBUG SWITCH:   Block 106: start=1170, end=1172, preds=1
DEBUG SWITCH:   Block 107: start=1173, end=1174, preds=3
DEBUG SWITCH:   Block 108: start=1175, end=1175, preds=0
DEBUG SWITCH:   Block 109: start=1176, end=1179, preds=1
DEBUG SWITCH:   Block 110: start=1180, end=1271, preds=2
DEBUG SWITCH: Checking block 88 for switch pattern (start addr: 1021)
DEBUG SWITCH: BFS loop complete for block 88: 0 unique cases collected (duplicates removed)
DEBUG SWITCH: Checking block 89 for switch pattern (start addr: 1044)
DEBUG SWITCH: BFS loop complete for block 89: 0 unique cases collected (duplicates removed)
DEBUG SWITCH: Checking block 90 for switch pattern (start addr: 1048)
DEBUG SWITCH: BFS loop complete for block 90: 0 unique cases collected (duplicates removed)
DEBUG SWITCH: Checking block 91 for switch pattern (start addr: 1056)
DEBUG SWITCH: BFS loop complete for block 91: 0 unique cases collected (duplicates removed)
DEBUG ORCHESTRATOR: _detect_switch_patterns returned 0 switches
DEBUG ORCHESTRATOR: block_to_switch contains 0 entries
DEBUG variables.py: formatter._var_struct_types has 4 entries
DEBUG variables.py: Imported local_0 -> s_SC_MP_EnumPlayers (confidence=0.9, source=field_tracker)
DEBUG variables.py: Imported local_0 -> s_SC_MP_EnumPlayers (confidence=0.9, source=field_tracker)
DEBUG variables.py: Imported local_11 -> c_Vector3 (confidence=0.9, source=field_tracker)
DEBUG variables.py: Imported local_11 -> c_Vector3 (confidence=0.9, source=field_tracker)
DEBUG variables.py: Added field_tracker var local_11 -> c_Vector3
DEBUG ORCHESTRATOR FINAL: Returning 21 lines, 0 contain 'switch ('
DEBUG: ScriptMain entry=1057 end=2991 blocks=132
DEBUG FieldTracker: ScriptMain param_0 detected as s_SC_L_info
DEBUG FieldTracker: Found known function SC_P_SetPos, scanning for LADR
DEBUG FieldTracker: Found known function SC_P_GetPos, scanning for LADR
DEBUG FieldTracker: Found known function SC_P_GetPos, scanning for LADR
DEBUG FieldTracker: Found known function SC_MP_EnumPlayers, scanning for LADR
DEBUG FieldTracker: local_0 detected as s_SC_MP_EnumPlayers (from SC_MP_EnumPlayers, param 0)
DEBUG FieldTracker: Checking func_name='SC_P_GetInfo' (from 'SC_P_GetInfo(unsignedlong,*s_SC_P_getinfo)void')
DEBUG FieldTracker: Found known function SC_P_GetInfo, scanning for LADR
DEBUG FieldTracker: Found known function SC_P_GetPos, scanning for LADR
DEBUG FieldTracker: local_11 detected as c_Vector3 (from SC_P_GetPos, param 1)
DEBUG Propagate: Completed in 1 iterations, tracking 5 struct variables
DEBUG PNT: SUCCESS - base=&local_11, struct=c_Vector3, offset=8, field=z
DEBUG FieldTracker: Found PNT pattern: t2500_0 = &local_11.field at offset 8
DEBUG PNT: Rejected - base_var 't2523_0' not in var_struct_types ['param_0', 'local_0', '&local_0', 'local_11', '&local_11']
DEBUG PNT: SUCCESS - base=&local_11, struct=c_Vector3, offset=4, field=y
DEBUG FieldTracker: Found PNT pattern: t2528_0 = &local_11.field at offset 4
DEBUG PNT: Rejected - base_var '&local_17' not in var_struct_types ['param_0', 'local_0', '&local_0', 'local_11', '&local_11']
DEBUG FieldTracker: Scanned 36 DCP instructions, found 4 PNT patterns, 16 DADR patterns
DEBUG SWITCH: ScriptMain area blocks (1090-1200): [95, 96, 97, 98, 99, 100, 101, 102, 103, 104, 105, 106, 107, 108, 109, 110]
DEBUG SWITCH: ScriptMain blocks in func_block_ids: [95, 96, 97, 98, 99, 100, 101, 102, 103, 104, 105, 106, 107, 109, 110]
DEBUG SWITCH: ScriptMain blocks MISSING from func_block_ids: [108]
DEBUG SWITCH:   Block 108: start=1175, end=1175, preds=0
DEBUG SWITCH: Checking block 92 for switch pattern (start addr: 1057)
DEBUG PRODUCER: t1086_0 produced by LCP at address 1086
DEBUG PRODUCER:   Raw instruction: arg1=87, arg2=0
DEBUG SWITCH: First case - variable: g_showinfo_timer, SSA: t1086_0
DEBUG SWITCH: About to extract constant from: t1087_0
DEBUG SWITCH: Successfully extracted case value: 0
DEBUG SWITCH: case_val is not None: 0
DEBUG SWITCH: mnemonic=JZ, opcode=136
DEBUG SWITCH: case_block address=1090
DEBUG SWITCH: case_block_id=95
DEBUG SWITCH: Added case: value=0, block=95, var=g_showinfo_timer, priority=50
DEBUG PRODUCER: t2739_0 produced by LCP at address 2739
DEBUG PRODUCER:   Raw instruction: arg1=87, arg2=0
DEBUG SWITCH: About to extract constant from: t2740_0
DEBUG SWITCH: Successfully extracted case value: 1
DEBUG SWITCH: case_val is not None: 1
DEBUG SWITCH: mnemonic=JZ, opcode=136
DEBUG SWITCH: case_block address=2743
DEBUG SWITCH: case_block_id=230
DEBUG SWITCH: Added case: value=1, block=230, var=g_showinfo_timer, priority=50
DEBUG PRODUCER: t2836_0 produced by LCP at address 2836
DEBUG PRODUCER:   Raw instruction: arg1=87, arg2=0
DEBUG SWITCH: About to extract constant from: t2837_0
DEBUG SWITCH: Successfully extracted case value: 2
DEBUG SWITCH: case_val is not None: 2
DEBUG SWITCH: mnemonic=JZ, opcode=136
DEBUG SWITCH: case_block address=2840
DEBUG SWITCH: case_block_id=237
DEBUG SWITCH: Added case: value=2, block=237, var=g_showinfo_timer, priority=50
DEBUG PRODUCER: t2865_0 produced by LCP at address 2865
DEBUG PRODUCER:   Raw instruction: arg1=87, arg2=0
DEBUG SWITCH: About to extract constant from: t2866_0
DEBUG SWITCH: Successfully extracted case value: 4
DEBUG SWITCH: case_val is not None: 4
DEBUG SWITCH: mnemonic=JZ, opcode=136
DEBUG SWITCH: case_block address=2869
DEBUG SWITCH: case_block_id=246
DEBUG SWITCH: Added case: value=4, block=246, var=g_showinfo_timer, priority=50
DEBUG PRODUCER: t2748_0 produced by LCP at address 2748
DEBUG PRODUCER:   Raw instruction: arg1=88, arg2=0
DEBUG SWITCH: About to extract constant from: t2749_0
DEBUG SWITCH: Successfully extracted case value: 20
DEBUG SWITCH: case_val is not None: 20
DEBUG SWITCH: mnemonic=JZ, opcode=136
DEBUG SWITCH: case_block address=2752
DEBUG SWITCH: case_block_id=233
DEBUG SWITCH: Added case: value=20, block=233, var=g_showinfo_timer, priority=50
DEBUG PRODUCER: t2845_0 produced by LCP at address 2845
DEBUG PRODUCER:   Raw instruction: arg1=88, arg2=0
DEBUG SWITCH: About to extract constant from: t2846_0
DEBUG SWITCH: Successfully extracted case value: 11
DEBUG SWITCH: case_val is not None: 11
DEBUG SWITCH: mnemonic=JZ, opcode=136
DEBUG SWITCH: case_block address=2849
DEBUG SWITCH: case_block_id=240
DEBUG SWITCH: Added case: value=11, block=240, var=g_showinfo_timer, priority=50
DEBUG PRODUCER: t2891_0 produced by LCP at address 2891
DEBUG PRODUCER:   Raw instruction: arg1=87, arg2=0
DEBUG SWITCH: About to extract constant from: t2892_0
DEBUG SWITCH: Successfully extracted case value: 3
DEBUG SWITCH: case_val is not None: 3
DEBUG SWITCH: mnemonic=JZ, opcode=136
DEBUG SWITCH: case_block address=2895
DEBUG SWITCH: case_block_id=256
DEBUG SWITCH: Added case: value=3, block=256, var=g_showinfo_timer, priority=50
DEBUG PRODUCER: t1176_0 produced by LCP at address 1176
DEBUG PRODUCER:   Raw instruction: arg1=88, arg2=0
DEBUG SWITCH: Variable mismatch - test_var: g_showinfo_timer, new var_name: func_0448() (collecting anyway)
DEBUG SWITCH: About to extract constant from: t1177_0
DEBUG SWITCH: Successfully extracted case value: 0
DEBUG SWITCH: case_val is not None: 0
DEBUG SWITCH: mnemonic=JZ, opcode=136
DEBUG SWITCH: case_block address=1180
DEBUG SWITCH: case_block_id=110
DEBUG SWITCH: Added case: value=0, block=110, var=func_0448(), priority=30
DEBUG PRODUCER: t2874_0 produced by LCP at address 2874
DEBUG PRODUCER:   Raw instruction: arg1=88, arg2=0
DEBUG SWITCH: About to extract constant from: t2875_0
DEBUG SWITCH: Successfully extracted case value: 10
DEBUG SWITCH: case_val is not None: 10
DEBUG SWITCH: mnemonic=JZ, opcode=136
DEBUG SWITCH: case_block address=2878
DEBUG SWITCH: case_block_id=249
DEBUG SWITCH: Added case: value=10, block=249, var=g_showinfo_timer, priority=50
DEBUG PRODUCER: t2897_0 produced by LCP at address 2897
DEBUG PRODUCER:   Raw instruction: arg1=87, arg2=0
DEBUG SWITCH: About to extract constant from: t2898_0
DEBUG SWITCH: Successfully extracted case value: 7
DEBUG SWITCH: case_val is not None: 7
DEBUG SWITCH: mnemonic=JZ, opcode=136
DEBUG SWITCH: case_block address=2901
DEBUG SWITCH: case_block_id=259
DEBUG SWITCH: Added case: value=7, block=259, var=g_showinfo_timer, priority=50
DEBUG PRODUCER: t1611_0 produced by LCP at address 1611
DEBUG PRODUCER:   Raw instruction: arg1=88, arg2=0
DEBUG SWITCH: Variable mismatch - test_var: g_showinfo_timer, new var_name: func_0448() (collecting anyway)
DEBUG SWITCH: About to extract constant from: t1612_0
DEBUG SWITCH: Successfully extracted case value: 1
DEBUG SWITCH: case_val is not None: 1
DEBUG SWITCH: mnemonic=JZ, opcode=136
DEBUG SWITCH: case_block address=1615
DEBUG SWITCH: case_block_id=125
DEBUG SWITCH: Added case: value=1, block=125, var=func_0448(), priority=30
DEBUG PRODUCER: t2883_0 produced by LCP at address 2883
DEBUG PRODUCER:   Raw instruction: arg1=88, arg2=0
DEBUG SWITCH: About to extract constant from: t2884_0
DEBUG SWITCH: Successfully extracted case value: 667
DEBUG SWITCH: case_val is not None: 667
DEBUG SWITCH: mnemonic=JZ, opcode=136
DEBUG SWITCH: case_block address=2887
DEBUG SWITCH: case_block_id=252
DEBUG SWITCH: Added case: value=667, block=252, var=g_showinfo_timer, priority=50
DEBUG PRODUCER: t2933_0 produced by LCP at address 2933
DEBUG PRODUCER:   Raw instruction: arg1=87, arg2=0
DEBUG SWITCH: About to extract constant from: t2934_0
DEBUG SWITCH: Successfully extracted case value: 11
DEBUG SWITCH: case_val is not None: 11
DEBUG SWITCH: mnemonic=JZ, opcode=136
DEBUG SWITCH: case_block address=2937
DEBUG SWITCH: case_block_id=262
DEBUG SWITCH: Added case: value=11, block=262, var=g_showinfo_timer, priority=50
DEBUG PRODUCER: t2953_0 produced by LCP at address 2953
DEBUG PRODUCER:   Raw instruction: arg1=87, arg2=0
DEBUG SWITCH: About to extract constant from: t2954_0
DEBUG SWITCH: Successfully extracted case value: 15
DEBUG SWITCH: case_val is not None: 15
DEBUG SWITCH: mnemonic=JZ, opcode=136
DEBUG SWITCH: case_block address=2957
DEBUG SWITCH: case_block_id=265
DEBUG SWITCH: Added case: value=15, block=265, var=g_showinfo_timer, priority=50
DEBUG PRODUCER: t1707_0 produced by LCP at address 1707
DEBUG PRODUCER:   Raw instruction: arg1=89, arg2=0
DEBUG SWITCH: Variable mismatch - test_var: g_showinfo_timer, new var_name: SC_P_IsReady(local_22) (collecting anyway)
DEBUG SWITCH: About to extract constant from: t1708_0
DEBUG SWITCH: Successfully extracted case value: 0
DEBUG SWITCH: case_val is not None: 0
DEBUG SWITCH: mnemonic=JZ, opcode=136
DEBUG SWITCH: case_block address=1711
DEBUG SWITCH: case_block_id=139
DEBUG SWITCH: Added case: value=0, block=139, var=SC_P_IsReady(local_22), priority=30
DEBUG PRODUCER: t2254_0 produced by LCP at address 2254
DEBUG PRODUCER:   Raw instruction: arg1=89, arg2=0
DEBUG SWITCH: About to extract constant from: t2255_0
DEBUG SWITCH: Successfully extracted case value: 1
DEBUG SWITCH: case_val is not None: 1
DEBUG SWITCH: mnemonic=JZ, opcode=136
DEBUG SWITCH: case_block address=2258
DEBUG SWITCH: case_block_id=169
DEBUG SWITCH: Added case: value=1, block=169, var=g_showinfo_timer, priority=50
DEBUG PRODUCER: t2297_0 produced by LCP at address 2297
DEBUG PRODUCER:   Raw instruction: arg1=89, arg2=0
DEBUG SWITCH: About to extract constant from: t2298_0
DEBUG SWITCH: Successfully extracted case value: 2
DEBUG SWITCH: case_val is not None: 2
DEBUG SWITCH: mnemonic=JZ, opcode=136
DEBUG SWITCH: case_block address=2301
DEBUG SWITCH: case_block_id=176
DEBUG SWITCH: Added case: value=2, block=176, var=g_showinfo_timer, priority=50
DEBUG PRODUCER: t1714_0 produced by LCP at address 1714
DEBUG PRODUCER:   Raw instruction: arg1=90, arg2=0
DEBUG SWITCH: About to extract constant from: t1715_0
DEBUG SWITCH: Successfully extracted case value: 0
DEBUG SWITCH: case_val is not None: 0
DEBUG SWITCH: mnemonic=JZ, opcode=136
DEBUG SWITCH: case_block address=1718
DEBUG SWITCH: case_block_id=142
DEBUG SWITCH: Added case: value=0, block=142, var=g_showinfo_timer, priority=50
DEBUG PRODUCER: t2420_0 produced by LCP at address 2420
DEBUG PRODUCER:   Raw instruction: arg1=89, arg2=0
DEBUG SWITCH: About to extract constant from: t2421_0
DEBUG SWITCH: Successfully extracted case value: 3
DEBUG SWITCH: case_val is not None: 3
DEBUG SWITCH: mnemonic=JZ, opcode=136
DEBUG SWITCH: case_block address=2424
DEBUG SWITCH: case_block_id=190
DEBUG SWITCH: Added case: value=3, block=190, var=g_showinfo_timer, priority=50
DEBUG PRODUCER: t1778_0 produced by LCP at address 1778
DEBUG PRODUCER:   Raw instruction: arg1=90, arg2=0
DEBUG SWITCH: About to extract constant from: t1779_0
DEBUG SWITCH: Successfully extracted case value: 1
DEBUG SWITCH: case_val is not None: 1
DEBUG SWITCH: mnemonic=JZ, opcode=136
DEBUG SWITCH: case_block address=1782
DEBUG SWITCH: case_block_id=145
DEBUG SWITCH: Added case: value=1, block=145, var=g_showinfo_timer, priority=50
DEBUG SWITCH: BFS loop complete for block 92: 11 unique cases collected (duplicates removed)
DEBUG SWITCH: Creating switch with 11 cases on variable 'g_showinfo_timer'
DEBUG SWITCH: Building all_blocks for g_showinfo_timer, chain_blocks=[94, 229, 236, 245, 232, 239, 255, 109, 248, 258, 124, 251, 261, 264, 138, 168, 175, 141, 189, 144], header_block=92
DEBUG SWITCH: all_blocks after adding chain and cases: {256, 258, 259, 261, 264, 265, 138, 141, 144, 168, 175, 189, 92, 94, 95, 229, 230, 232, 233, 236, 109, 237, 239, 240, 252, 245, 246, 248, 249, 251, 124, 255}
DEBUG SWITCH: Appending switch to switches list: g_showinfo_timer with 11 cases
DEBUG SWITCH: Checking block 95 for switch pattern (start addr: 1090)
DEBUG SWITCH: BFS loop complete for block 95: 0 unique cases collected (duplicates removed)
DEBUG SWITCH: Checking block 96 for switch pattern (start addr: 1099)
DEBUG SWITCH: BFS loop complete for block 96: 0 unique cases collected (duplicates removed)
DEBUG SWITCH: Checking block 97 for switch pattern (start addr: 1108)
DEBUG SWITCH: BFS loop complete for block 97: 0 unique cases collected (duplicates removed)
DEBUG SWITCH: Checking block 98 for switch pattern (start addr: 1110)
DEBUG SWITCH: BFS loop complete for block 98: 0 unique cases collected (duplicates removed)
DEBUG SWITCH: Checking block 99 for switch pattern (start addr: 1119)
DEBUG SWITCH: BFS loop complete for block 99: 0 unique cases collected (duplicates removed)
DEBUG SWITCH: Checking block 100 for switch pattern (start addr: 1135)
DEBUG SWITCH: BFS loop complete for block 100: 0 unique cases collected (duplicates removed)
DEBUG SWITCH: Checking block 101 for switch pattern (start addr: 1139)
DEBUG SWITCH: BFS loop complete for block 101: 0 unique cases collected (duplicates removed)
DEBUG SWITCH: Checking block 102 for switch pattern (start addr: 1140)
DEBUG SWITCH: BFS loop complete for block 102: 0 unique cases collected (duplicates removed)
DEBUG SWITCH: Checking block 103 for switch pattern (start addr: 1161)
DEBUG SWITCH: BFS loop complete for block 103: 0 unique cases collected (duplicates removed)
DEBUG SWITCH: Checking block 104 for switch pattern (start addr: 1165)
DEBUG SWITCH: BFS loop complete for block 104: 0 unique cases collected (duplicates removed)
DEBUG SWITCH: Checking block 105 for switch pattern (start addr: 1169)
DEBUG SWITCH: BFS loop complete for block 105: 0 unique cases collected (duplicates removed)
DEBUG SWITCH: Checking block 106 for switch pattern (start addr: 1170)
DEBUG SWITCH: BFS loop complete for block 106: 0 unique cases collected (duplicates removed)
DEBUG SWITCH: Checking block 107 for switch pattern (start addr: 1173)
DEBUG SWITCH: BFS loop complete for block 107: 0 unique cases collected (duplicates removed)
DEBUG SWITCH: Checking block 110 for switch pattern (start addr: 1180)
DEBUG SWITCH: BFS loop complete for block 110: 0 unique cases collected (duplicates removed)
DEBUG SWITCH: Checking block 125 for switch pattern (start addr: 1615)
DEBUG SWITCH: BFS loop complete for block 125: 0 unique cases collected (duplicates removed)
DEBUG SWITCH: Checking block 126 for switch pattern (start addr: 1629)
DEBUG SWITCH: BFS loop complete for block 126: 0 unique cases collected (duplicates removed)
DEBUG SWITCH: Checking block 127 for switch pattern (start addr: 1630)
DEBUG SWITCH: BFS loop complete for block 127: 0 unique cases collected (duplicates removed)
DEBUG SWITCH: Checking block 128 for switch pattern (start addr: 1643)
DEBUG SWITCH: BFS loop complete for block 128: 0 unique cases collected (duplicates removed)
DEBUG SWITCH: Checking block 129 for switch pattern (start addr: 1650)
DEBUG SWITCH: BFS loop complete for block 129: 0 unique cases collected (duplicates removed)
DEBUG SWITCH: Checking block 130 for switch pattern (start addr: 1651)
DEBUG SWITCH: BFS loop complete for block 130: 0 unique cases collected (duplicates removed)
DEBUG SWITCH: Checking block 131 for switch pattern (start addr: 1669)
DEBUG SWITCH: BFS loop complete for block 131: 0 unique cases collected (duplicates removed)
DEBUG SWITCH: Checking block 132 for switch pattern (start addr: 1674)
DEBUG SWITCH: BFS loop complete for block 132: 0 unique cases collected (duplicates removed)
DEBUG SWITCH: Checking block 133 for switch pattern (start addr: 1675)
DEBUG SWITCH: BFS loop complete for block 133: 0 unique cases collected (duplicates removed)
DEBUG SWITCH: Checking block 134 for switch pattern (start addr: 1679)
DEBUG SWITCH: BFS loop complete for block 134: 0 unique cases collected (duplicates removed)
DEBUG SWITCH: Checking block 135 for switch pattern (start addr: 1691)
DEBUG SWITCH: BFS loop complete for block 135: 0 unique cases collected (duplicates removed)
DEBUG SWITCH: Checking block 136 for switch pattern (start addr: 1704)
DEBUG SWITCH: BFS loop complete for block 136: 0 unique cases collected (duplicates removed)
DEBUG SWITCH: Checking block 139 for switch pattern (start addr: 1711)
DEBUG SWITCH: BFS loop complete for block 139: 0 unique cases collected (duplicates removed)
DEBUG SWITCH: Checking block 142 for switch pattern (start addr: 1718)
DEBUG SWITCH: BFS loop complete for block 142: 0 unique cases collected (duplicates removed)
DEBUG SWITCH: Checking block 145 for switch pattern (start addr: 1782)
DEBUG SWITCH: BFS loop complete for block 145: 0 unique cases collected (duplicates removed)
DEBUG SWITCH: Checking block 146 for switch pattern (start addr: 1791)
DEBUG SWITCH: BFS loop complete for block 146: 0 unique cases collected (duplicates removed)
DEBUG SWITCH: Checking block 147 for switch pattern (start addr: 1792)
DEBUG SWITCH: BFS loop complete for block 147: 0 unique cases collected (duplicates removed)
DEBUG SWITCH: Checking block 149 for switch pattern (start addr: 1849)
DEBUG PRODUCER: t1849_0 produced by LCP at address 1849
DEBUG PRODUCER:   Raw instruction: arg1=90, arg2=0
DEBUG SWITCH: First case - variable: g_showinfo_timer, SSA: t1849_0
DEBUG SWITCH: About to extract constant from: t1850_0
DEBUG SWITCH: Successfully extracted case value: 2
DEBUG SWITCH: case_val is not None: 2
DEBUG SWITCH: mnemonic=JZ, opcode=136
DEBUG SWITCH: case_block address=1853
DEBUG SWITCH: case_block_id=150
DEBUG SWITCH: Added case: value=2, block=150, var=g_showinfo_timer, priority=50
DEBUG PRODUCER: t2054_0 produced by LCP at address 2054
DEBUG PRODUCER:   Raw instruction: arg1=90, arg2=0
DEBUG SWITCH: About to extract constant from: t2055_0
DEBUG SWITCH: Successfully extracted case value: 3
DEBUG SWITCH: case_val is not None: 3
DEBUG SWITCH: mnemonic=JZ, opcode=136
DEBUG SWITCH: case_block address=2058
DEBUG SWITCH: case_block_id=155
DEBUG SWITCH: Added case: value=3, block=155, var=g_showinfo_timer, priority=50
DEBUG PRODUCER: t2148_0 produced by LCP at address 2148
DEBUG PRODUCER:   Raw instruction: arg1=90, arg2=0
DEBUG SWITCH: About to extract constant from: t2149_0
DEBUG SWITCH: Successfully extracted case value: 4
DEBUG SWITCH: case_val is not None: 4
DEBUG SWITCH: mnemonic=JZ, opcode=136
DEBUG SWITCH: case_block address=2152
DEBUG SWITCH: case_block_id=160
DEBUG SWITCH: Added case: value=4, block=160, var=g_showinfo_timer, priority=50
DEBUG PRODUCER: t2239_0 produced by LCP at address 2239
DEBUG PRODUCER:   Raw instruction: arg1=90, arg2=0
DEBUG SWITCH: About to extract constant from: t2240_0
DEBUG SWITCH: Successfully extracted case value: 5
DEBUG SWITCH: case_val is not None: 5
DEBUG SWITCH: mnemonic=JZ, opcode=136
DEBUG SWITCH: case_block address=2243
DEBUG SWITCH: case_block_id=165
DEBUG SWITCH: Added case: value=5, block=165, var=g_showinfo_timer, priority=50
DEBUG SWITCH: BFS loop complete for block 149: 4 unique cases collected (duplicates removed)
DEBUG SWITCH: Creating switch with 4 cases on variable 'g_showinfo_timer'
DEBUG SWITCH: Building all_blocks for g_showinfo_timer, chain_blocks=[149, 154, 159, 164], header_block=149
DEBUG SWITCH: all_blocks after adding chain and cases: {160, 164, 165, 149, 150, 154, 155, 159}
DEBUG SWITCH: Appending switch to switches list: g_showinfo_timer with 4 cases
DEBUG SWITCH: Checking block 150 for switch pattern (start addr: 1853)
DEBUG SWITCH: BFS loop complete for block 150: 0 unique cases collected (duplicates removed)
DEBUG SWITCH: Checking block 151 for switch pattern (start addr: 1862)
DEBUG SWITCH: BFS loop complete for block 151: 0 unique cases collected (duplicates removed)
DEBUG SWITCH: Checking block 152 for switch pattern (start addr: 1863)
DEBUG SWITCH: BFS loop complete for block 152: 0 unique cases collected (duplicates removed)
DEBUG SWITCH: Checking block 155 for switch pattern (start addr: 2058)
DEBUG SWITCH: BFS loop complete for block 155: 0 unique cases collected (duplicates removed)
DEBUG SWITCH: Checking block 156 for switch pattern (start addr: 2067)
DEBUG SWITCH: BFS loop complete for block 156: 0 unique cases collected (duplicates removed)
DEBUG SWITCH: Checking block 157 for switch pattern (start addr: 2068)
DEBUG SWITCH: BFS loop complete for block 157: 0 unique cases collected (duplicates removed)
DEBUG SWITCH: Checking block 160 for switch pattern (start addr: 2152)
DEBUG SWITCH: BFS loop complete for block 160: 0 unique cases collected (duplicates removed)
DEBUG SWITCH: Checking block 161 for switch pattern (start addr: 2161)
DEBUG SWITCH: BFS loop complete for block 161: 0 unique cases collected (duplicates removed)
DEBUG SWITCH: Checking block 162 for switch pattern (start addr: 2162)
DEBUG SWITCH: BFS loop complete for block 162: 0 unique cases collected (duplicates removed)
DEBUG SWITCH: Checking block 165 for switch pattern (start addr: 2243)
DEBUG SWITCH: BFS loop complete for block 165: 0 unique cases collected (duplicates removed)
DEBUG SWITCH: Checking block 166 for switch pattern (start addr: 2251)
DEBUG SWITCH: BFS loop complete for block 166: 0 unique cases collected (duplicates removed)
DEBUG SWITCH: Checking block 169 for switch pattern (start addr: 2258)
DEBUG SWITCH: BFS loop complete for block 169: 0 unique cases collected (duplicates removed)
DEBUG SWITCH: Checking block 170 for switch pattern (start addr: 2260)
DEBUG SWITCH: BFS loop complete for block 170: 0 unique cases collected (duplicates removed)
DEBUG SWITCH: Checking block 171 for switch pattern (start addr: 2271)
DEBUG SWITCH: BFS loop complete for block 171: 0 unique cases collected (duplicates removed)
DEBUG SWITCH: Checking block 172 for switch pattern (start addr: 2272)
DEBUG SWITCH: BFS loop complete for block 172: 0 unique cases collected (duplicates removed)
DEBUG SWITCH: Checking block 173 for switch pattern (start addr: 2290)
DEBUG SWITCH: BFS loop complete for block 173: 0 unique cases collected (duplicates removed)
DEBUG SWITCH: Checking block 176 for switch pattern (start addr: 2301)
DEBUG SWITCH: BFS loop complete for block 176: 0 unique cases collected (duplicates removed)
DEBUG SWITCH: Checking block 177 for switch pattern (start addr: 2319)
DEBUG SWITCH: BFS loop complete for block 177: 0 unique cases collected (duplicates removed)
DEBUG SWITCH: Checking block 178 for switch pattern (start addr: 2321)
DEBUG SWITCH: BFS loop complete for block 178: 0 unique cases collected (duplicates removed)
DEBUG SWITCH: Checking block 179 for switch pattern (start addr: 2322)
DEBUG SWITCH: BFS loop complete for block 179: 0 unique cases collected (duplicates removed)
DEBUG SWITCH: Checking block 180 for switch pattern (start addr: 2329)
DEBUG SWITCH: BFS loop complete for block 180: 0 unique cases collected (duplicates removed)
DEBUG SWITCH: Checking block 181 for switch pattern (start addr: 2330)
DEBUG SWITCH: BFS loop complete for block 181: 0 unique cases collected (duplicates removed)
DEBUG SWITCH: Checking block 182 for switch pattern (start addr: 2337)
DEBUG SWITCH: BFS loop complete for block 182: 0 unique cases collected (duplicates removed)
DEBUG SWITCH: Checking block 183 for switch pattern (start addr: 2338)
DEBUG SWITCH: BFS loop complete for block 183: 0 unique cases collected (duplicates removed)
DEBUG SWITCH: Checking block 184 for switch pattern (start addr: 2345)
DEBUG SWITCH: BFS loop complete for block 184: 0 unique cases collected (duplicates removed)
DEBUG SWITCH: Checking block 185 for switch pattern (start addr: 2346)
DEBUG SWITCH: BFS loop complete for block 185: 0 unique cases collected (duplicates removed)
DEBUG SWITCH: Checking block 186 for switch pattern (start addr: 2360)
DEBUG SWITCH: BFS loop complete for block 186: 0 unique cases collected (duplicates removed)
DEBUG SWITCH: Checking block 187 for switch pattern (start addr: 2418)
DEBUG SWITCH: BFS loop complete for block 187: 0 unique cases collected (duplicates removed)
DEBUG SWITCH: Checking block 190 for switch pattern (start addr: 2424)
DEBUG SWITCH: BFS loop complete for block 190: 0 unique cases collected (duplicates removed)
DEBUG SWITCH: Checking block 192 for switch pattern (start addr: 2436)
DEBUG SWITCH: Checking block 209 for switch pattern (start addr: 2607)
DEBUG PRODUCER: t2685_0 produced by LCP at address 2685
DEBUG PRODUCER:   Raw instruction: arg1=20, arg2=0
DEBUG SWITCH: First case - variable: g_showinfo_timer, SSA: t2685_0
DEBUG SWITCH: About to extract constant from: t2686_0
DEBUG SWITCH: Successfully extracted case value: 0
DEBUG SWITCH: case_val is not None: 0
DEBUG SWITCH: mnemonic=JZ, opcode=136
DEBUG SWITCH: case_block address=2689
DEBUG SWITCH: case_block_id=219
DEBUG SWITCH: Added case: value=0, block=219, var=g_showinfo_timer, priority=50
DEBUG SWITCH: BFS loop complete for block 209: 1 unique cases collected (duplicates removed)
DEBUG SWITCH: Creating switch with 1 cases on variable 'g_showinfo_timer'
DEBUG SWITCH: Building all_blocks for g_showinfo_timer, chain_blocks=[218], header_block=209
DEBUG SWITCH: all_blocks after adding chain and cases: {209, 218, 219}
DEBUG SWITCH: Appending switch to switches list: g_showinfo_timer with 1 cases
DEBUG SWITCH: Checking block 210 for switch pattern (start addr: 2626)
DEBUG SWITCH: BFS loop complete for block 210: 0 unique cases collected (duplicates removed)
DEBUG SWITCH: Checking block 211 for switch pattern (start addr: 2627)
DEBUG SWITCH: BFS loop complete for block 211: 0 unique cases collected (duplicates removed)
DEBUG SWITCH: Checking block 212 for switch pattern (start addr: 2631)
DEBUG SWITCH: BFS loop complete for block 212: 0 unique cases collected (duplicates removed)
DEBUG SWITCH: Checking block 213 for switch pattern (start addr: 2637)
DEBUG SWITCH: BFS loop complete for block 213: 0 unique cases collected (duplicates removed)
DEBUG SWITCH: Checking block 214 for switch pattern (start addr: 2650)
DEBUG SWITCH: BFS loop complete for block 214: 0 unique cases collected (duplicates removed)
DEBUG SWITCH: Checking block 215 for switch pattern (start addr: 2651)
DEBUG SWITCH: BFS loop complete for block 215: 0 unique cases collected (duplicates removed)
DEBUG SWITCH: Checking block 216 for switch pattern (start addr: 2659)
DEBUG SWITCH: BFS loop complete for block 216: 0 unique cases collected (duplicates removed)
DEBUG SWITCH: Checking block 217 for switch pattern (start addr: 2677)
DEBUG SWITCH: BFS loop complete for block 217: 0 unique cases collected (duplicates removed)
DEBUG SWITCH: Checking block 219 for switch pattern (start addr: 2689)
DEBUG SWITCH: BFS loop complete for block 219: 0 unique cases collected (duplicates removed)
DEBUG SWITCH: Checking block 220 for switch pattern (start addr: 2709)
DEBUG SWITCH: BFS loop complete for block 220: 0 unique cases collected (duplicates removed)
DEBUG SWITCH: Checking block 230 for switch pattern (start addr: 2743)
DEBUG SWITCH: BFS loop complete for block 230: 0 unique cases collected (duplicates removed)
DEBUG SWITCH: Checking block 233 for switch pattern (start addr: 2752)
DEBUG SWITCH: BFS loop complete for block 233: 0 unique cases collected (duplicates removed)
DEBUG SWITCH: Checking block 234 for switch pattern (start addr: 2833)
DEBUG SWITCH: BFS loop complete for block 234: 0 unique cases collected (duplicates removed)
DEBUG SWITCH: Checking block 237 for switch pattern (start addr: 2840)
DEBUG SWITCH: BFS loop complete for block 237: 0 unique cases collected (duplicates removed)
DEBUG SWITCH: Checking block 240 for switch pattern (start addr: 2849)
DEBUG SWITCH: BFS loop complete for block 240: 0 unique cases collected (duplicates removed)
DEBUG SWITCH: Checking block 241 for switch pattern (start addr: 2857)
DEBUG SWITCH: BFS loop complete for block 241: 0 unique cases collected (duplicates removed)
DEBUG SWITCH: Checking block 242 for switch pattern (start addr: 2861)
DEBUG SWITCH: BFS loop complete for block 242: 0 unique cases collected (duplicates removed)
DEBUG SWITCH: Checking block 243 for switch pattern (start addr: 2862)
DEBUG SWITCH: BFS loop complete for block 243: 0 unique cases collected (duplicates removed)
DEBUG SWITCH: Checking block 246 for switch pattern (start addr: 2869)
DEBUG SWITCH: BFS loop complete for block 246: 0 unique cases collected (duplicates removed)
DEBUG SWITCH: Checking block 249 for switch pattern (start addr: 2878)
DEBUG SWITCH: BFS loop complete for block 249: 0 unique cases collected (duplicates removed)
DEBUG SWITCH: Checking block 252 for switch pattern (start addr: 2887)
DEBUG SWITCH: BFS loop complete for block 252: 0 unique cases collected (duplicates removed)
DEBUG SWITCH: Checking block 253 for switch pattern (start addr: 2888)
DEBUG SWITCH: BFS loop complete for block 253: 0 unique cases collected (duplicates removed)
DEBUG SWITCH: Checking block 256 for switch pattern (start addr: 2895)
DEBUG SWITCH: BFS loop complete for block 256: 0 unique cases collected (duplicates removed)
DEBUG SWITCH: Checking block 259 for switch pattern (start addr: 2901)
DEBUG SWITCH: BFS loop complete for block 259: 0 unique cases collected (duplicates removed)
DEBUG SWITCH: Checking block 262 for switch pattern (start addr: 2937)
DEBUG SWITCH: BFS loop complete for block 262: 0 unique cases collected (duplicates removed)
DEBUG SWITCH: Checking block 265 for switch pattern (start addr: 2957)
DEBUG SWITCH: BFS loop complete for block 265: 0 unique cases collected (duplicates removed)
DEBUG SWITCH: Checking block 266 for switch pattern (start addr: 2963)
DEBUG SWITCH: BFS loop complete for block 266: 0 unique cases collected (duplicates removed)
DEBUG SWITCH: Checking block 267 for switch pattern (start addr: 2969)
DEBUG SWITCH: BFS loop complete for block 267: 0 unique cases collected (duplicates removed)
DEBUG SWITCH: Checking block 268 for switch pattern (start addr: 2987)
DEBUG SWITCH: BFS loop complete for block 268: 0 unique cases collected (duplicates removed)
DEBUG ORCHESTRATOR: _detect_switch_patterns returned 4 switches
DEBUG ORCHESTRATOR: Switch 0: g_showinfo_timer with 11 cases, header_block=92
DEBUG ORCHESTRATOR: Switch 1: g_showinfo_timer with 4 cases, header_block=149
DEBUG ORCHESTRATOR: Switch 2: g_showinfo_timer with 1 cases, header_block=209
DEBUG ORCHESTRATOR: Switch 3: local_89 with 3 cases, header_block=192
DEBUG ORCHESTRATOR: Adding switch g_showinfo_timer to map, all_blocks={256, 258, 259, 261, 264, 265, 138, 266, 267, 141, 268, 144, 234, 107, 166, 168, 175, 226, 189, 243, 227, 92, 94, 95, 96, 97, 98, 99, 100, 229, 230, 101, 232, 233, 102, 103, 236, 109, 237, 239, 240, 104, 105, 106, 252, 245, 246, 241, 248, 249, 242, 251, 124, 253, 255}
DEBUG ORCHESTRATOR: Adding switch g_showinfo_timer to map, all_blocks={160, 161, 226, 227, 164, 165, 166, 162, 269, 149, 150, 151, 154, 155, 156, 157, 159}
DEBUG ORCHESTRATOR: Adding switch g_showinfo_timer to map, all_blocks={209, 226, 227, 218, 219, 269}
DEBUG ORCHESTRATOR: Adding switch local_89 to map, all_blocks={192, 193, 195, 196, 197, 198, 205, 206, 269, 208, 222, 223, 224, 225, 226, 227}
DEBUG ORCHESTRATOR: block_to_switch contains 85 entries
DEBUG variables.py: formatter._var_struct_types has 6 entries
DEBUG variables.py: Imported local_75 -> s_SC_P_getinfo (confidence=0.9, source=field_tracker)
DEBUG variables.py: Imported local_11 -> c_Vector3 (confidence=0.9, source=field_tracker)
DEBUG variables.py: Imported local_0 -> s_SC_MP_EnumPlayers (confidence=0.9, source=field_tracker)
DEBUG variables.py: Imported local_0 -> s_SC_MP_EnumPlayers (confidence=0.9, source=field_tracker)
DEBUG variables.py: Imported local_11 -> c_Vector3 (confidence=0.9, source=field_tracker)
DEBUG variables.py: Using field_tracker type for player_info: s_SC_P_getinfo
DEBUG variables.py: Using field_tracker type for j: s_SC_MP_EnumPlayers
DEBUG variables.py: Processing k (var_name=local_1), struct_type_info=None
DEBUG variables.py: Using field_tracker type for vec: c_Vector3
DEBUG variables.py: Undeclared var local_0 gets field_tracker type: s_SC_MP_EnumPlayers
DEBUG variables.py: Added field_tracker var local_75 -> s_SC_P_getinfo
DEBUG variables.py: Added field_tracker var local_11 -> c_Vector3
DEBUG ORCHESTRATOR: Block 92 is in block_to_switch, header_block=92, is_header=True
DEBUG ORCHESTRATOR: Rendering switch for g_showinfo_timer with 11 cases at block 92
DEBUG ORCHESTRATOR: Appended to lines: '    switch (g_showinfo_timer) {'
DEBUG ORCHESTRATOR: Block 149 is in block_to_switch, header_block=149, is_header=True
DEBUG ORCHESTRATOR: Rendering switch for g_showinfo_timer with 4 cases at block 149
DEBUG ORCHESTRATOR: Appended to lines: '    switch (g_showinfo_timer) {'
DEBUG ORCHESTRATOR: Block 192 is in block_to_switch, header_block=192, is_header=True
DEBUG ORCHESTRATOR: Rendering switch for local_89 with 3 cases at block 192
DEBUG ORCHESTRATOR: Appended to lines: '    switch (local_89) {'
DEBUG ORCHESTRATOR FINAL: Returning 580 lines, 3 contain 'switch ('
