DEBUG: Entry point = 1097
DEBUG: _init entry=0 end=49 blocks=1
DEBUG FieldTracker: _init param_0 detected as s_SC_NET_info
DEBUG FieldTracker: Checking func_name='SC_MP_SRV_GetAtgSettings' (from 'SC_MP_SRV_GetAtgSettings(*s_SC_MP_SRV_AtgSettings)void')
DEBUG FieldTracker: Found known function SC_MP_SRV_GetAtgSettings, scanning for LADR
DEBUG FieldTracker: local_1 detected as s_SC_MP_SRV_AtgSettings (from SC_MP_SRV_GetAtgSettings, param 0)
DEBUG FieldTracker: Checking func_name='SC_MP_SRV_GetAtgSettings' (from 'SC_MP_SRV_GetAtgSettings(*s_SC_MP_SRV_AtgSettings)void')
DEBUG FieldTracker: Found known function SC_MP_SRV_GetAtgSettings, scanning for LADR
DEBUG FieldTracker: Checking func_name='SC_MP_SRV_GetAtgSettings' (from 'SC_MP_SRV_GetAtgSettings(*s_SC_MP_SRV_AtgSettings)void')
DEBUG FieldTracker: Found known function SC_MP_SRV_GetAtgSettings, scanning for LADR
DEBUG FieldTracker: Checking func_name='SC_P_GetInfo' (from 'SC_P_GetInfo(unsignedlong,*s_SC_P_getinfo)void')
DEBUG FieldTracker: Found known function SC_P_GetInfo, scanning for LADR
DEBUG FieldTracker: Found known function SC_MP_EnumPlayers, scanning for LADR
DEBUG FieldTracker: local_265 detected as s_SC_MP_EnumPlayers (from SC_MP_EnumPlayers, param 0)
DEBUG FieldTracker: Found known function SC_MP_EnumPlayers, scanning for LADR
DEBUG FieldTracker: local_257 detected as s_SC_MP_EnumPlayers (from SC_MP_EnumPlayers, param 0)
DEBUG FieldTracker: Found known function SC_MP_EnumPlayers, scanning for LADR
DEBUG FieldTracker: local_296 detected as s_SC_MP_EnumPlayers (from SC_MP_EnumPlayers, param 0)
DEBUG FieldTracker: Found known function SC_P_GetPos, scanning for LADR
DEBUG FieldTracker: local_311 detected as c_Vector3 (from SC_P_GetPos, param 1)
DEBUG FieldTracker: Found known function SC_MP_SetIconHUD, scanning for LADR
DEBUG FieldTracker: local_299 detected as s_SC_HUD_MP_icon (from SC_MP_SetIconHUD, param 0)
DEBUG FieldTracker: Found known function SC_MP_GetSRVsettings, scanning for LADR
DEBUG FieldTracker: local_285 detected as s_SC_MP_SRV_settings (from SC_MP_GetSRVsettings, param 0)
DEBUG FieldTracker: Found known function SC_MP_HUD_SetTabInfo, scanning for LADR
DEBUG FieldTracker: local_14 detected as s_SC_MP_hud (from SC_MP_HUD_SetTabInfo, param 0)
DEBUG FieldTracker: Checking func_name='SC_P_GetInfo' (from 'SC_P_GetInfo(unsignedlong,*s_SC_P_getinfo)void')
DEBUG FieldTracker: Found known function SC_P_GetInfo, scanning for LADR
DEBUG FieldTracker: Checking func_name='SC_P_GetInfo' (from 'SC_P_GetInfo(unsignedlong,*s_SC_P_getinfo)void')
DEBUG FieldTracker: Found known function SC_P_GetInfo, scanning for LADR
DEBUG Propagate: Completed in 1 iterations, tracking 17 struct variables
DEBUG PNT: SUCCESS - base=&local_1, struct=s_SC_MP_SRV_AtgSettings, offset=4, field=tt_respawntime
DEBUG FieldTracker: Found PNT pattern: t126_0 = &local_1.field at offset 4
DEBUG PNT: SUCCESS - base=&local_1, struct=s_SC_MP_SRV_AtgSettings, offset=4, field=tt_respawntime
DEBUG FieldTracker: Found PNT pattern: t132_0 = &local_1.field at offset 4
DEBUG PNT: SUCCESS - base=&local_1, struct=s_SC_MP_SRV_AtgSettings, offset=4, field=tt_respawntime
DEBUG FieldTracker: Found PNT pattern: t162_0 = &local_1.field at offset 4
DEBUG PNT: SUCCESS - base=&local_1, struct=s_SC_MP_SRV_AtgSettings, offset=4, field=tt_respawntime
DEBUG FieldTracker: Found PNT pattern: t168_0 = &local_1.field at offset 4
DEBUG PNT: SUCCESS - base=&local_1, struct=s_SC_MP_SRV_AtgSettings, offset=8, field=tt_timelimit
DEBUG FieldTracker: Found PNT pattern: t220_0 = &local_1.field at offset 8
DEBUG PNT: SUCCESS - base=&local_1, struct=s_SC_MP_SRV_AtgSettings, offset=8, field=tt_timelimit
DEBUG FieldTracker: Found PNT pattern: t226_0 = &local_1.field at offset 8
DEBUG PNT: Rejected - base_var '&local_2' not in var_struct_types ['param_0', 'local_1', '&local_1', 'local_265', '&local_265', 'local_257', '&local_257', 'local_296', '&local_296', 'local_311', '&local_311', 'local_299', '&local_299', 'local_285', '&local_285', 'local_14', '&local_14']
DEBUG PNT: Rejected - base_var '&local_2' not in var_struct_types ['param_0', 'local_1', '&local_1', 'local_265', '&local_265', 'local_257', '&local_257', 'local_296', '&local_296', 'local_311', '&local_311', 'local_299', '&local_299', 'local_285', '&local_285', 'local_14', '&local_14']
DEBUG PNT: Rejected - base_var 't959_0' not in var_struct_types ['param_0', 'local_1', '&local_1', 'local_265', '&local_265', 'local_257', '&local_257', 'local_296', '&local_296', 'local_311', '&local_311', 'local_299', '&local_299', 'local_285', '&local_285', 'local_14', '&local_14']
DEBUG PNT: Rejected - base_var 't1073_0' not in var_struct_types ['param_0', 'local_1', '&local_1', 'local_265', '&local_265', 'local_257', '&local_257', 'local_296', '&local_296', 'local_311', '&local_311', 'local_299', '&local_299', 'local_285', '&local_285', 'local_14', '&local_14']
DEBUG PNT: Rejected - base_var 't1203_0' not in var_struct_types ['param_0', 'local_1', '&local_1', 'local_265', '&local_265', 'local_257', '&local_257', 'local_296', '&local_296', 'local_311', '&local_311', 'local_299', '&local_299', 'local_285', '&local_285', 'local_14', '&local_14']
DEBUG PNT: Rejected - base_var 't1213_0' not in var_struct_types ['param_0', 'local_1', '&local_1', 'local_265', '&local_265', 'local_257', '&local_257', 'local_296', '&local_296', 'local_311', '&local_311', 'local_299', '&local_299', 'local_285', '&local_285', 'local_14', '&local_14']
DEBUG PNT: Rejected - base_var 't1225_0' not in var_struct_types ['param_0', 'local_1', '&local_1', 'local_265', '&local_265', 'local_257', '&local_257', 'local_296', '&local_296', 'local_311', '&local_311', 'local_299', '&local_299', 'local_285', '&local_285', 'local_14', '&local_14']
DEBUG PNT: Rejected - base_var 't1525_0' not in var_struct_types ['param_0', 'local_1', '&local_1', 'local_265', '&local_265', 'local_257', '&local_257', 'local_296', '&local_296', 'local_311', '&local_311', 'local_299', '&local_299', 'local_285', '&local_285', 'local_14', '&local_14']
DEBUG PNT: Rejected - base_var 't1535_0' not in var_struct_types ['param_0', 'local_1', '&local_1', 'local_265', '&local_265', 'local_257', '&local_257', 'local_296', '&local_296', 'local_311', '&local_311', 'local_299', '&local_299', 'local_285', '&local_285', 'local_14', '&local_14']
DEBUG PNT: Rejected - base_var 't1572_0' not in var_struct_types ['param_0', 'local_1', '&local_1', 'local_265', '&local_265', 'local_257', '&local_257', 'local_296', '&local_296', 'local_311', '&local_311', 'local_299', '&local_299', 'local_285', '&local_285', 'local_14', '&local_14']
DEBUG PNT: Rejected - base_var '&local_413' not in var_struct_types ['param_0', 'local_1', '&local_1', 'local_265', '&local_265', 'local_257', '&local_257', 'local_296', '&local_296', 'local_311', '&local_311', 'local_299', '&local_299', 'local_285', '&local_285', 'local_14', '&local_14']
DEBUG PNT: Rejected - base_var '&local_413' not in var_struct_types ['param_0', 'local_1', '&local_1', 'local_265', '&local_265', 'local_257', '&local_257', 'local_296', '&local_296', 'local_311', '&local_311', 'local_299', '&local_299', 'local_285', '&local_285', 'local_14', '&local_14']
DEBUG FieldTracker: Scanned 92 DCP instructions, found 18 PNT patterns, 25 DADR patterns
DEBUG SWITCH: ScriptMain area blocks (1090-1200): [164, 165, 166, 167, 168, 169, 170, 171, 172, 173, 174, 175, 176, 177]
DEBUG SWITCH: ScriptMain blocks in func_block_ids: []
DEBUG SWITCH: ScriptMain blocks MISSING from func_block_ids: [164, 165, 166, 167, 168, 169, 170, 171, 172, 173, 174, 175, 176, 177]
DEBUG SWITCH:   Block 164: start=1096, end=1096, preds=2
DEBUG SWITCH:   Block 165: start=1097, end=1122, preds=0
DEBUG SWITCH:   Block 166: start=1123, end=1123, preds=0
DEBUG SWITCH:   Block 167: start=1124, end=1127, preds=1
DEBUG SWITCH:   Block 168: start=1128, end=1136, preds=2
DEBUG SWITCH:   Block 169: start=1137, end=1137, preds=1
DEBUG SWITCH:   Block 170: start=1138, end=1160, preds=1
DEBUG SWITCH:   Block 171: start=1161, end=1164, preds=1
DEBUG SWITCH:   Block 172: start=1165, end=1176, preds=1
DEBUG SWITCH:   Block 173: start=1177, end=1177, preds=1
DEBUG SWITCH:   Block 174: start=1178, end=1190, preds=1
DEBUG SWITCH:   Block 175: start=1191, end=1194, preds=2
DEBUG SWITCH:   Block 176: start=1195, end=1198, preds=1
DEBUG SWITCH:   Block 177: start=1199, end=1208, preds=1
DEBUG SWITCH: Checking block 0 for switch pattern (start addr: 0)
DEBUG variables.py: formatter._var_struct_types has 17 entries
DEBUG variables.py: Imported local_1 -> s_SC_MP_SRV_AtgSettings (confidence=0.9, source=field_tracker)
DEBUG variables.py: Imported local_1 -> s_SC_MP_SRV_AtgSettings (confidence=0.9, source=field_tracker)
DEBUG variables.py: Imported local_265 -> s_SC_MP_EnumPlayers (confidence=0.9, source=field_tracker)
DEBUG variables.py: Imported local_265 -> s_SC_MP_EnumPlayers (confidence=0.9, source=field_tracker)
DEBUG variables.py: Imported local_257 -> s_SC_MP_EnumPlayers (confidence=0.9, source=field_tracker)
DEBUG variables.py: Imported local_257 -> s_SC_MP_EnumPlayers (confidence=0.9, source=field_tracker)
DEBUG variables.py: Imported local_296 -> s_SC_MP_EnumPlayers (confidence=0.9, source=field_tracker)
DEBUG variables.py: Imported local_296 -> s_SC_MP_EnumPlayers (confidence=0.9, source=field_tracker)
DEBUG variables.py: Imported local_311 -> c_Vector3 (confidence=0.9, source=field_tracker)
DEBUG variables.py: Imported local_311 -> c_Vector3 (confidence=0.9, source=field_tracker)
DEBUG variables.py: Imported local_299 -> s_SC_HUD_MP_icon (confidence=0.9, source=field_tracker)
DEBUG variables.py: Imported local_299 -> s_SC_HUD_MP_icon (confidence=0.9, source=field_tracker)
DEBUG variables.py: Imported local_285 -> s_SC_MP_SRV_settings (confidence=0.9, source=field_tracker)
DEBUG variables.py: Imported local_285 -> s_SC_MP_SRV_settings (confidence=0.9, source=field_tracker)
DEBUG variables.py: Imported local_14 -> s_SC_MP_hud (confidence=0.9, source=field_tracker)
DEBUG variables.py: Imported local_14 -> s_SC_MP_hud (confidence=0.9, source=field_tracker)
DEBUG variables.py: Added field_tracker var local_1 -> s_SC_MP_SRV_AtgSettings
DEBUG variables.py: Added field_tracker var local_265 -> s_SC_MP_EnumPlayers
DEBUG variables.py: Added field_tracker var local_257 -> s_SC_MP_EnumPlayers
DEBUG variables.py: Added field_tracker var local_296 -> s_SC_MP_EnumPlayers
DEBUG variables.py: Added field_tracker var local_311 -> c_Vector3
DEBUG variables.py: Added field_tracker var local_299 -> s_SC_HUD_MP_icon
DEBUG variables.py: Added field_tracker var local_285 -> s_SC_MP_SRV_settings
DEBUG variables.py: Added field_tracker var local_14 -> s_SC_MP_hud
DEBUG: func_0050 entry=50 end=118 blocks=16
DEBUG FieldTracker: Checking func_name='SC_MP_SRV_GetAtgSettings' (from 'SC_MP_SRV_GetAtgSettings(*s_SC_MP_SRV_AtgSettings)void')
DEBUG FieldTracker: Found known function SC_MP_SRV_GetAtgSettings, scanning for LADR
DEBUG FieldTracker: local_1 detected as s_SC_MP_SRV_AtgSettings (from SC_MP_SRV_GetAtgSettings, param 0)
DEBUG FieldTracker: Checking func_name='SC_MP_SRV_GetAtgSettings' (from 'SC_MP_SRV_GetAtgSettings(*s_SC_MP_SRV_AtgSettings)void')
DEBUG FieldTracker: Found known function SC_MP_SRV_GetAtgSettings, scanning for LADR
DEBUG FieldTracker: Checking func_name='SC_MP_SRV_GetAtgSettings' (from 'SC_MP_SRV_GetAtgSettings(*s_SC_MP_SRV_AtgSettings)void')
DEBUG FieldTracker: Found known function SC_MP_SRV_GetAtgSettings, scanning for LADR
DEBUG FieldTracker: Checking func_name='SC_P_GetInfo' (from 'SC_P_GetInfo(unsignedlong,*s_SC_P_getinfo)void')
DEBUG FieldTracker: Found known function SC_P_GetInfo, scanning for LADR
DEBUG FieldTracker: Found known function SC_MP_EnumPlayers, scanning for LADR
DEBUG FieldTracker: local_265 detected as s_SC_MP_EnumPlayers (from SC_MP_EnumPlayers, param 0)
DEBUG FieldTracker: Found known function SC_MP_EnumPlayers, scanning for LADR
DEBUG FieldTracker: local_257 detected as s_SC_MP_EnumPlayers (from SC_MP_EnumPlayers, param 0)
DEBUG FieldTracker: Found known function SC_MP_EnumPlayers, scanning for LADR
DEBUG FieldTracker: local_296 detected as s_SC_MP_EnumPlayers (from SC_MP_EnumPlayers, param 0)
DEBUG FieldTracker: Found known function SC_P_GetPos, scanning for LADR
DEBUG FieldTracker: local_311 detected as c_Vector3 (from SC_P_GetPos, param 1)
DEBUG FieldTracker: Found known function SC_MP_SetIconHUD, scanning for LADR
DEBUG FieldTracker: local_299 detected as s_SC_HUD_MP_icon (from SC_MP_SetIconHUD, param 0)
DEBUG FieldTracker: Found known function SC_MP_GetSRVsettings, scanning for LADR
DEBUG FieldTracker: local_285 detected as s_SC_MP_SRV_settings (from SC_MP_GetSRVsettings, param 0)
DEBUG FieldTracker: Found known function SC_MP_HUD_SetTabInfo, scanning for LADR
DEBUG FieldTracker: local_14 detected as s_SC_MP_hud (from SC_MP_HUD_SetTabInfo, param 0)
DEBUG FieldTracker: Checking func_name='SC_P_GetInfo' (from 'SC_P_GetInfo(unsignedlong,*s_SC_P_getinfo)void')
DEBUG FieldTracker: Found known function SC_P_GetInfo, scanning for LADR
DEBUG FieldTracker: Checking func_name='SC_P_GetInfo' (from 'SC_P_GetInfo(unsignedlong,*s_SC_P_getinfo)void')
DEBUG FieldTracker: Found known function SC_P_GetInfo, scanning for LADR
DEBUG Propagate: Completed in 1 iterations, tracking 16 struct variables
DEBUG PNT: SUCCESS - base=&local_1, struct=s_SC_MP_SRV_AtgSettings, offset=4, field=tt_respawntime
DEBUG FieldTracker: Found PNT pattern: t126_0 = &local_1.field at offset 4
DEBUG PNT: SUCCESS - base=&local_1, struct=s_SC_MP_SRV_AtgSettings, offset=4, field=tt_respawntime
DEBUG FieldTracker: Found PNT pattern: t132_0 = &local_1.field at offset 4
DEBUG PNT: SUCCESS - base=&local_1, struct=s_SC_MP_SRV_AtgSettings, offset=4, field=tt_respawntime
DEBUG FieldTracker: Found PNT pattern: t162_0 = &local_1.field at offset 4
DEBUG PNT: SUCCESS - base=&local_1, struct=s_SC_MP_SRV_AtgSettings, offset=4, field=tt_respawntime
DEBUG FieldTracker: Found PNT pattern: t168_0 = &local_1.field at offset 4
DEBUG PNT: SUCCESS - base=&local_1, struct=s_SC_MP_SRV_AtgSettings, offset=8, field=tt_timelimit
DEBUG FieldTracker: Found PNT pattern: t220_0 = &local_1.field at offset 8
DEBUG PNT: SUCCESS - base=&local_1, struct=s_SC_MP_SRV_AtgSettings, offset=8, field=tt_timelimit
DEBUG FieldTracker: Found PNT pattern: t226_0 = &local_1.field at offset 8
DEBUG PNT: Rejected - base_var '&local_2' not in var_struct_types ['local_1', '&local_1', 'local_265', '&local_265', 'local_257', '&local_257', 'local_296', '&local_296', 'local_311', '&local_311', 'local_299', '&local_299', 'local_285', '&local_285', 'local_14', '&local_14']
DEBUG PNT: Rejected - base_var '&local_2' not in var_struct_types ['local_1', '&local_1', 'local_265', '&local_265', 'local_257', '&local_257', 'local_296', '&local_296', 'local_311', '&local_311', 'local_299', '&local_299', 'local_285', '&local_285', 'local_14', '&local_14']
DEBUG PNT: Rejected - base_var 't959_0' not in var_struct_types ['local_1', '&local_1', 'local_265', '&local_265', 'local_257', '&local_257', 'local_296', '&local_296', 'local_311', '&local_311', 'local_299', '&local_299', 'local_285', '&local_285', 'local_14', '&local_14']
DEBUG PNT: Rejected - base_var 't1073_0' not in var_struct_types ['local_1', '&local_1', 'local_265', '&local_265', 'local_257', '&local_257', 'local_296', '&local_296', 'local_311', '&local_311', 'local_299', '&local_299', 'local_285', '&local_285', 'local_14', '&local_14']
DEBUG PNT: Rejected - base_var 't1203_0' not in var_struct_types ['local_1', '&local_1', 'local_265', '&local_265', 'local_257', '&local_257', 'local_296', '&local_296', 'local_311', '&local_311', 'local_299', '&local_299', 'local_285', '&local_285', 'local_14', '&local_14']
DEBUG PNT: Rejected - base_var 't1213_0' not in var_struct_types ['local_1', '&local_1', 'local_265', '&local_265', 'local_257', '&local_257', 'local_296', '&local_296', 'local_311', '&local_311', 'local_299', '&local_299', 'local_285', '&local_285', 'local_14', '&local_14']
DEBUG PNT: Rejected - base_var 't1225_0' not in var_struct_types ['local_1', '&local_1', 'local_265', '&local_265', 'local_257', '&local_257', 'local_296', '&local_296', 'local_311', '&local_311', 'local_299', '&local_299', 'local_285', '&local_285', 'local_14', '&local_14']
DEBUG PNT: Rejected - base_var 't1525_0' not in var_struct_types ['local_1', '&local_1', 'local_265', '&local_265', 'local_257', '&local_257', 'local_296', '&local_296', 'local_311', '&local_311', 'local_299', '&local_299', 'local_285', '&local_285', 'local_14', '&local_14']
DEBUG PNT: Rejected - base_var 't1535_0' not in var_struct_types ['local_1', '&local_1', 'local_265', '&local_265', 'local_257', '&local_257', 'local_296', '&local_296', 'local_311', '&local_311', 'local_299', '&local_299', 'local_285', '&local_285', 'local_14', '&local_14']
DEBUG PNT: Rejected - base_var 't1572_0' not in var_struct_types ['local_1', '&local_1', 'local_265', '&local_265', 'local_257', '&local_257', 'local_296', '&local_296', 'local_311', '&local_311', 'local_299', '&local_299', 'local_285', '&local_285', 'local_14', '&local_14']
DEBUG PNT: Rejected - base_var '&local_413' not in var_struct_types ['local_1', '&local_1', 'local_265', '&local_265', 'local_257', '&local_257', 'local_296', '&local_296', 'local_311', '&local_311', 'local_299', '&local_299', 'local_285', '&local_285', 'local_14', '&local_14']
DEBUG PNT: Rejected - base_var '&local_413' not in var_struct_types ['local_1', '&local_1', 'local_265', '&local_265', 'local_257', '&local_257', 'local_296', '&local_296', 'local_311', '&local_311', 'local_299', '&local_299', 'local_285', '&local_285', 'local_14', '&local_14']
DEBUG FieldTracker: Scanned 92 DCP instructions, found 18 PNT patterns, 25 DADR patterns
DEBUG SWITCH: ScriptMain area blocks (1090-1200): [164, 165, 166, 167, 168, 169, 170, 171, 172, 173, 174, 175, 176, 177]
DEBUG SWITCH: ScriptMain blocks in func_block_ids: []
DEBUG SWITCH: ScriptMain blocks MISSING from func_block_ids: [164, 165, 166, 167, 168, 169, 170, 171, 172, 173, 174, 175, 176, 177]
DEBUG SWITCH:   Block 164: start=1096, end=1096, preds=2
DEBUG SWITCH:   Block 165: start=1097, end=1122, preds=0
DEBUG SWITCH:   Block 166: start=1123, end=1123, preds=0
DEBUG SWITCH:   Block 167: start=1124, end=1127, preds=1
DEBUG SWITCH:   Block 168: start=1128, end=1136, preds=2
DEBUG SWITCH:   Block 169: start=1137, end=1137, preds=1
DEBUG SWITCH:   Block 170: start=1138, end=1160, preds=1
DEBUG SWITCH:   Block 171: start=1161, end=1164, preds=1
DEBUG SWITCH:   Block 172: start=1165, end=1176, preds=1
DEBUG SWITCH:   Block 173: start=1177, end=1177, preds=1
DEBUG SWITCH:   Block 174: start=1178, end=1190, preds=1
DEBUG SWITCH:   Block 175: start=1191, end=1194, preds=2
DEBUG SWITCH:   Block 176: start=1195, end=1198, preds=1
DEBUG SWITCH:   Block 177: start=1199, end=1208, preds=1
DEBUG SWITCH: Checking block 1 for switch pattern (start addr: 50)
DEBUG SWITCH: Checking block 3 for switch pattern (start addr: 53)
Error: 'SSAInstruction' object has no attribute 'opcode'
Traceback (most recent call last):
  File "<frozen runpy>", line 198, in _run_module_as_main
  File "<frozen runpy>", line 88, in _run_code
  File "C:\Users\flori\source\repos\VC_Scripter\vcdecomp\__main__.py", line 1029, in <module>
    main()
    ~~~~^^
  File "C:\Users\flori\source\repos\VC_Scripter\vcdecomp\__main__.py", line 311, in main
    cmd_structure(args)
    ~~~~~~~~~~~~~^^^^^^
  File "C:\Users\flori\source\repos\VC_Scripter\vcdecomp\__main__.py", line 565, in cmd_structure
    text = format_structured_function_named(ssa_func, func_name, func_start, func_end, function_bounds=func_bounds)
  File "C:\Users\flori\source\repos\VC_Scripter\vcdecomp\core\ir\structure\orchestrator.py", line 274, in format_structured_function_named
    switch_patterns = _detect_switch_patterns(ssa_func, func_block_ids, formatter, start_to_block)
  File "C:\Users\flori\source\repos\VC_Scripter\vcdecomp\core\ir\structure\patterns\switch_case.py", line 340, in _detect_switch_patterns
    binary_switch = _detect_binary_search_switch(
        cfg, block_id, ssa_func, formatter, func_block_ids
    )
  File "C:\Users\flori\source\repos\VC_Scripter\vcdecomp\core\ir\structure\patterns\jump_table.py", line 59, in _detect_binary_search_switch
    tree_result = _build_decision_tree(
        start_block, cfg, ssa_blocks, resolver, func_block_ids,
        ssa_func, formatter, max_depth=10
    )
  File "C:\Users\flori\source\repos\VC_Scripter\vcdecomp\core\ir\structure\patterns\jump_table.py", line 158, in _build_decision_tree
    equ_result = _find_comparison_for_jump(block_id, ssa_block, cfg, ssa_func, formatter)
  File "C:\Users\flori\source\repos\VC_Scripter\vcdecomp\core\ir\structure\patterns\jump_table.py", line 255, in _find_comparison_for_jump
    if ssa_inst.opcode in comparison_opcodes:
       ^^^^^^^^^^^^^^^
AttributeError: 'SSAInstruction' object has no attribute 'opcode'
